This file contains any messages produced by compilers while
running configure, to aid debugging if configure makes a mistake.

It was created by dlvhex configure 1.7.0, which was
generated by GNU Autoconf 2.63.  Invocation command line was

  $ ./configure 

## --------- ##
## Platform. ##
## --------- ##

hostname = ubuntu
uname -m = i686
uname -r = 2.6.28-14-generic
uname -s = Linux
uname -v = #47-Ubuntu SMP Sat Jul 25 00:28:35 UTC 2009

/usr/bin/uname -p = unknown
/bin/uname -X     = unknown

/bin/arch              = unknown
/usr/bin/arch -k       = unknown
/usr/convex/getsysinfo = unknown
/usr/bin/hostinfo      = unknown
/bin/machine           = unknown
/usr/bin/oslevel       = unknown
/bin/universe          = unknown

PATH: /usr/local/sbin
PATH: /usr/local/bin
PATH: /usr/sbin
PATH: /usr/bin
PATH: /sbin
PATH: /bin
PATH: /usr/X11R6/bin


## ----------- ##
## Core tests. ##
## ----------- ##

configure:2219: checking build system type
configure:2237: result: i686-pc-linux-gnu
configure:2259: checking host system type
configure:2274: result: i686-pc-linux-gnu
configure:2349: checking for dlv
configure:2365: found /bin/dlv
configure:2377: result: dlv
configure:2454: checking for dlvdb
configure:2482: result: notfound
configure:2535: WARNING: Disabled support for dlvdb. Download it at http://www.mat.unical.it/terracina/dlvdb/
configure:2569: checking for a BSD-compatible install
configure:2637: result: /usr/bin/install -c
configure:2648: checking whether build environment is sane
configure:2691: result: yes
configure:2716: checking for a thread-safe mkdir -p
configure:2755: result: /bin/mkdir -p
configure:2768: checking for gawk
configure:2798: result: no
configure:2768: checking for mawk
configure:2784: found /usr/bin/mawk
configure:2795: result: mawk
configure:2806: checking whether make sets $(MAKE)
configure:2832: result: no
configure:3062: checking for gcc
configure:3078: found /usr/bin/gcc
configure:3089: result: gcc
configure:3321: checking for C compiler version
configure:3329: gcc --version >&5
gcc (Ubuntu 4.3.3-5ubuntu4) 4.3.3
Copyright (C) 2008 Free Software Foundation, Inc.
This is free software; see the source for copying conditions.  There is NO
warranty; not even for MERCHANTABILITY or FITNESS FOR A PARTICULAR PURPOSE.

configure:3333: $? = 0
configure:3340: gcc -v >&5
Using built-in specs.
Target: i486-linux-gnu
Configured with: ../src/configure -v --with-pkgversion='Ubuntu 4.3.3-5ubuntu4' --with-bugurl=file:///usr/share/doc/gcc-4.3/README.Bugs --enable-languages=c,c++,fortran,objc,obj-c++ --prefix=/usr --enable-shared --with-system-zlib --libexecdir=/usr/lib --without-included-gettext --enable-threads=posix --enable-nls --with-gxx-include-dir=/usr/include/c++/4.3 --program-suffix=-4.3 --enable-clocale=gnu --enable-libstdcxx-debug --enable-objc-gc --enable-mpfr --enable-targets=all --with-tune=generic --enable-checking=release --build=i486-linux-gnu --host=i486-linux-gnu --target=i486-linux-gnu
Thread model: posix
gcc version 4.3.3 (Ubuntu 4.3.3-5ubuntu4) 
configure:3344: $? = 0
configure:3351: gcc -V >&5
gcc: '-V' option must have argument
configure:3355: $? = 1
configure:3378: checking for C compiler default output file name
configure:3400: gcc   -DSYS_PLUGIN_DIR='"${pkglibdir}/plugins"' -DUSER_PLUGIN_DIR='".dlvhex/plugins"'  conftest.c  >&5
configure:3404: $? = 0
configure:3442: result: a.out
configure:3461: checking whether the C compiler works
configure:3471: ./a.out
configure:3475: $? = 0
configure:3494: result: yes
configure:3501: checking whether we are cross compiling
configure:3503: result: no
configure:3506: checking for suffix of executables
configure:3513: gcc -o conftest   -DSYS_PLUGIN_DIR='"${pkglibdir}/plugins"' -DUSER_PLUGIN_DIR='".dlvhex/plugins"'  conftest.c  >&5
configure:3517: $? = 0
configure:3543: result: 
configure:3549: checking for suffix of object files
configure:3575: gcc -c   -DSYS_PLUGIN_DIR='"${pkglibdir}/plugins"' -DUSER_PLUGIN_DIR='".dlvhex/plugins"' conftest.c >&5
configure:3579: $? = 0
configure:3604: result: o
configure:3608: checking whether we are using the GNU C compiler
configure:3637: gcc -c   -DSYS_PLUGIN_DIR='"${pkglibdir}/plugins"' -DUSER_PLUGIN_DIR='".dlvhex/plugins"' conftest.c >&5
configure:3644: $? = 0
configure:3661: result: yes
configure:3670: checking whether gcc accepts -g
configure:3700: gcc -c -g  -DSYS_PLUGIN_DIR='"${pkglibdir}/plugins"' -DUSER_PLUGIN_DIR='".dlvhex/plugins"' conftest.c >&5
configure:3707: $? = 0
configure:3808: result: yes
configure:3825: checking for gcc option to accept ISO C89
configure:3899: gcc  -c -g -O2  -DSYS_PLUGIN_DIR='"${pkglibdir}/plugins"' -DUSER_PLUGIN_DIR='".dlvhex/plugins"' conftest.c >&5
configure:3906: $? = 0
configure:3929: result: none needed
configure:3958: checking for style of include used by make
configure:3986: result: GNU
configure:4011: checking dependency style of gcc
configure:4102: result: gcc3
configure:4175: checking for g++
configure:4191: found /usr/bin/g++
configure:4202: result: g++
configure:4229: checking for C++ compiler version
configure:4237: g++ --version >&5
g++ (Ubuntu 4.3.3-5ubuntu4) 4.3.3
Copyright (C) 2008 Free Software Foundation, Inc.
This is free software; see the source for copying conditions.  There is NO
warranty; not even for MERCHANTABILITY or FITNESS FOR A PARTICULAR PURPOSE.

configure:4241: $? = 0
configure:4248: g++ -v >&5
Using built-in specs.
Target: i486-linux-gnu
Configured with: ../src/configure -v --with-pkgversion='Ubuntu 4.3.3-5ubuntu4' --with-bugurl=file:///usr/share/doc/gcc-4.3/README.Bugs --enable-languages=c,c++,fortran,objc,obj-c++ --prefix=/usr --enable-shared --with-system-zlib --libexecdir=/usr/lib --without-included-gettext --enable-threads=posix --enable-nls --with-gxx-include-dir=/usr/include/c++/4.3 --program-suffix=-4.3 --enable-clocale=gnu --enable-libstdcxx-debug --enable-objc-gc --enable-mpfr --enable-targets=all --with-tune=generic --enable-checking=release --build=i486-linux-gnu --host=i486-linux-gnu --target=i486-linux-gnu
Thread model: posix
gcc version 4.3.3 (Ubuntu 4.3.3-5ubuntu4) 
configure:4252: $? = 0
configure:4259: g++ -V >&5
g++: '-V' option must have argument
configure:4263: $? = 1
configure:4266: checking whether we are using the GNU C++ compiler
configure:4295: g++ -c   -DSYS_PLUGIN_DIR='"${pkglibdir}/plugins"' -DUSER_PLUGIN_DIR='".dlvhex/plugins"' conftest.cpp >&5
configure:4302: $? = 0
configure:4319: result: yes
configure:4328: checking whether g++ accepts -g
configure:4358: g++ -c -g  -DSYS_PLUGIN_DIR='"${pkglibdir}/plugins"' -DUSER_PLUGIN_DIR='".dlvhex/plugins"' conftest.cpp >&5
configure:4365: $? = 0
configure:4466: result: yes
configure:4491: checking dependency style of g++
configure:4582: result: gcc3
configure:4602: checking how to run the C++ preprocessor
configure:4638: g++ -E  -DSYS_PLUGIN_DIR='"${pkglibdir}/plugins"' -DUSER_PLUGIN_DIR='".dlvhex/plugins"' conftest.cpp
configure:4645: $? = 0
configure:4676: g++ -E  -DSYS_PLUGIN_DIR='"${pkglibdir}/plugins"' -DUSER_PLUGIN_DIR='".dlvhex/plugins"' conftest.cpp
conftest.cpp:11:28: error: ac_nonexistent.h: No such file or directory
configure:4683: $? = 1
configure: failed program was:
| /* confdefs.h.  */
| #define PACKAGE_NAME "dlvhex"
| #define PACKAGE_TARNAME "dlvhex"
| #define PACKAGE_VERSION "1.7.0"
| #define PACKAGE_STRING "dlvhex 1.7.0"
| #define PACKAGE_BUGREPORT "tkren@kr.tuwien.ac.at"
| #define DLVPATH "dlv"
| #define PACKAGE "dlvhex"
| #define VERSION "1.7.0"
| /* end confdefs.h.  */
| #include <ac_nonexistent.h>
configure:4716: result: g++ -E
configure:4745: g++ -E  -DSYS_PLUGIN_DIR='"${pkglibdir}/plugins"' -DUSER_PLUGIN_DIR='".dlvhex/plugins"' conftest.cpp
configure:4752: $? = 0
configure:4783: g++ -E  -DSYS_PLUGIN_DIR='"${pkglibdir}/plugins"' -DUSER_PLUGIN_DIR='".dlvhex/plugins"' conftest.cpp
conftest.cpp:11:28: error: ac_nonexistent.h: No such file or directory
configure:4790: $? = 1
configure: failed program was:
| /* confdefs.h.  */
| #define PACKAGE_NAME "dlvhex"
| #define PACKAGE_TARNAME "dlvhex"
| #define PACKAGE_VERSION "1.7.0"
| #define PACKAGE_STRING "dlvhex 1.7.0"
| #define PACKAGE_BUGREPORT "tkren@kr.tuwien.ac.at"
| #define DLVPATH "dlv"
| #define PACKAGE "dlvhex"
| #define VERSION "1.7.0"
| /* end confdefs.h.  */
| #include <ac_nonexistent.h>
configure:4845: checking for dirent.h that defines DIR
configure:4874: gcc -c -g -O2  -DSYS_PLUGIN_DIR='"${pkglibdir}/plugins"' -DUSER_PLUGIN_DIR='".dlvhex/plugins"' conftest.c >&5
configure:4881: $? = 0
configure:4898: result: yes
configure:4913: checking for library containing opendir
configure:4954: gcc -o conftest -g -O2  -DSYS_PLUGIN_DIR='"${pkglibdir}/plugins"' -DUSER_PLUGIN_DIR='".dlvhex/plugins"'  conftest.c  >&5
configure:4961: $? = 0
configure:4992: result: none required
configure:5095: checking how to run the C preprocessor
configure:5135: gcc -E  -DSYS_PLUGIN_DIR='"${pkglibdir}/plugins"' -DUSER_PLUGIN_DIR='".dlvhex/plugins"' conftest.c
configure:5142: $? = 0
configure:5173: gcc -E  -DSYS_PLUGIN_DIR='"${pkglibdir}/plugins"' -DUSER_PLUGIN_DIR='".dlvhex/plugins"' conftest.c
conftest.c:12:28: error: ac_nonexistent.h: No such file or directory
configure:5180: $? = 1
configure: failed program was:
| /* confdefs.h.  */
| #define PACKAGE_NAME "dlvhex"
| #define PACKAGE_TARNAME "dlvhex"
| #define PACKAGE_VERSION "1.7.0"
| #define PACKAGE_STRING "dlvhex 1.7.0"
| #define PACKAGE_BUGREPORT "tkren@kr.tuwien.ac.at"
| #define DLVPATH "dlv"
| #define PACKAGE "dlvhex"
| #define VERSION "1.7.0"
| #define HAVE_DIRENT_H 1
| /* end confdefs.h.  */
| #include <ac_nonexistent.h>
configure:5213: result: gcc -E
configure:5242: gcc -E  -DSYS_PLUGIN_DIR='"${pkglibdir}/plugins"' -DUSER_PLUGIN_DIR='".dlvhex/plugins"' conftest.c
configure:5249: $? = 0
configure:5280: gcc -E  -DSYS_PLUGIN_DIR='"${pkglibdir}/plugins"' -DUSER_PLUGIN_DIR='".dlvhex/plugins"' conftest.c
conftest.c:12:28: error: ac_nonexistent.h: No such file or directory
configure:5287: $? = 1
configure: failed program was:
| /* confdefs.h.  */
| #define PACKAGE_NAME "dlvhex"
| #define PACKAGE_TARNAME "dlvhex"
| #define PACKAGE_VERSION "1.7.0"
| #define PACKAGE_STRING "dlvhex 1.7.0"
| #define PACKAGE_BUGREPORT "tkren@kr.tuwien.ac.at"
| #define DLVPATH "dlv"
| #define PACKAGE "dlvhex"
| #define VERSION "1.7.0"
| #define HAVE_DIRENT_H 1
| /* end confdefs.h.  */
| #include <ac_nonexistent.h>
configure:5327: checking for grep that handles long lines and -e
configure:5387: result: /bin/grep
configure:5392: checking for egrep
configure:5456: result: /bin/grep -E
configure:5461: checking for ANSI C header files
configure:5491: gcc -c -g -O2  -DSYS_PLUGIN_DIR='"${pkglibdir}/plugins"' -DUSER_PLUGIN_DIR='".dlvhex/plugins"' conftest.c >&5
configure:5498: $? = 0
configure:5597: gcc -o conftest -g -O2  -DSYS_PLUGIN_DIR='"${pkglibdir}/plugins"' -DUSER_PLUGIN_DIR='".dlvhex/plugins"'  conftest.c  >&5
configure:5601: $? = 0
configure:5607: ./conftest
configure:5611: $? = 0
configure:5629: result: yes
configure:5653: checking for sys/types.h
configure:5674: gcc -c -g -O2  -DSYS_PLUGIN_DIR='"${pkglibdir}/plugins"' -DUSER_PLUGIN_DIR='".dlvhex/plugins"' conftest.c >&5
configure:5681: $? = 0
configure:5698: result: yes
configure:5653: checking for sys/stat.h
configure:5674: gcc -c -g -O2  -DSYS_PLUGIN_DIR='"${pkglibdir}/plugins"' -DUSER_PLUGIN_DIR='".dlvhex/plugins"' conftest.c >&5
configure:5681: $? = 0
configure:5698: result: yes
configure:5653: checking for stdlib.h
configure:5674: gcc -c -g -O2  -DSYS_PLUGIN_DIR='"${pkglibdir}/plugins"' -DUSER_PLUGIN_DIR='".dlvhex/plugins"' conftest.c >&5
configure:5681: $? = 0
configure:5698: result: yes
configure:5653: checking for string.h
configure:5674: gcc -c -g -O2  -DSYS_PLUGIN_DIR='"${pkglibdir}/plugins"' -DUSER_PLUGIN_DIR='".dlvhex/plugins"' conftest.c >&5
configure:5681: $? = 0
configure:5698: result: yes
configure:5653: checking for memory.h
configure:5674: gcc -c -g -O2  -DSYS_PLUGIN_DIR='"${pkglibdir}/plugins"' -DUSER_PLUGIN_DIR='".dlvhex/plugins"' conftest.c >&5
configure:5681: $? = 0
configure:5698: result: yes
configure:5653: checking for strings.h
configure:5674: gcc -c -g -O2  -DSYS_PLUGIN_DIR='"${pkglibdir}/plugins"' -DUSER_PLUGIN_DIR='".dlvhex/plugins"' conftest.c >&5
configure:5681: $? = 0
configure:5698: result: yes
configure:5653: checking for inttypes.h
configure:5674: gcc -c -g -O2  -DSYS_PLUGIN_DIR='"${pkglibdir}/plugins"' -DUSER_PLUGIN_DIR='".dlvhex/plugins"' conftest.c >&5
configure:5681: $? = 0
configure:5698: result: yes
configure:5653: checking for stdint.h
configure:5674: gcc -c -g -O2  -DSYS_PLUGIN_DIR='"${pkglibdir}/plugins"' -DUSER_PLUGIN_DIR='".dlvhex/plugins"' conftest.c >&5
configure:5681: $? = 0
configure:5698: result: yes
configure:5653: checking for unistd.h
configure:5674: gcc -c -g -O2  -DSYS_PLUGIN_DIR='"${pkglibdir}/plugins"' -DUSER_PLUGIN_DIR='".dlvhex/plugins"' conftest.c >&5
configure:5681: $? = 0
configure:5698: result: yes
configure:5728: checking sys/param.h usability
configure:5745: gcc -c -g -O2  -DSYS_PLUGIN_DIR='"${pkglibdir}/plugins"' -DUSER_PLUGIN_DIR='".dlvhex/plugins"' conftest.c >&5
configure:5752: $? = 0
configure:5766: result: yes
configure:5770: checking sys/param.h presence
configure:5785: gcc -E  -DSYS_PLUGIN_DIR='"${pkglibdir}/plugins"' -DUSER_PLUGIN_DIR='".dlvhex/plugins"' conftest.c
configure:5792: $? = 0
configure:5806: result: yes
configure:5839: checking for sys/param.h
configure:5848: result: yes
configure:5872: checking for fgrep
configure:5936: result: /bin/grep -F
configure:6006: checking for objdump
configure:6022: found /usr/bin/objdump
configure:6033: result: objdump
configure:6063: checking for a sed that does not truncate output
configure:6129: result: /bin/sed
configure:6147: checking dynamic linker characteristics
configure:6590: gcc -o conftest -g -O2  -DSYS_PLUGIN_DIR='"${pkglibdir}/plugins"' -DUSER_PLUGIN_DIR='".dlvhex/plugins"'   conftest.c  >&5
configure:6597: $? = 0
configure:6842: result: GNU/Linux ld.so
configure:6944: checking which extension is used for runtime loadable modules
configure:6954: result: .so
configure:6964: checking which variable specifies run-time module search path
configure:6971: result: LD_LIBRARY_PATH
configure:6981: checking for the default library search path
configure:6988: result: /lib /usr/lib /lib/i486-linux-gnu /usr/lib/i486-linux-gnu /usr/lib/alsa-lib /usr/local/lib 
configure:7018: checking for library containing dlopen
configure:7059: gcc -o conftest -g -O2  -DSYS_PLUGIN_DIR='"${pkglibdir}/plugins"' -DUSER_PLUGIN_DIR='".dlvhex/plugins"'  conftest.c  >&5
/tmp/ccc3TWkG.o: In function `main':
/home/ozanerdem/Desktop/dlvhex-spirit-refactoring-copy/conftest.c:37: undefined reference to `dlopen'
collect2: ld returned 1 exit status
configure:7066: $? = 1
configure: failed program was:
| /* confdefs.h.  */
| #define PACKAGE_NAME "dlvhex"
| #define PACKAGE_TARNAME "dlvhex"
| #define PACKAGE_VERSION "1.7.0"
| #define PACKAGE_STRING "dlvhex 1.7.0"
| #define PACKAGE_BUGREPORT "tkren@kr.tuwien.ac.at"
| #define DLVPATH "dlv"
| #define PACKAGE "dlvhex"
| #define VERSION "1.7.0"
| #define HAVE_DIRENT_H 1
| #define STDC_HEADERS 1
| #define HAVE_SYS_TYPES_H 1
| #define HAVE_SYS_STAT_H 1
| #define HAVE_STDLIB_H 1
| #define HAVE_STRING_H 1
| #define HAVE_MEMORY_H 1
| #define HAVE_STRINGS_H 1
| #define HAVE_INTTYPES_H 1
| #define HAVE_STDINT_H 1
| #define HAVE_UNISTD_H 1
| #define HAVE_SYS_PARAM_H 1
| #define LT_MODULE_EXT ".so"
| #define LT_MODULE_PATH_VAR "LD_LIBRARY_PATH"
| #define LT_DLSEARCH_PATH "/lib:/usr/lib:/lib/i486-linux-gnu:/usr/lib/i486-linux-gnu:/usr/lib/alsa-lib:/usr/local/lib"
| /* end confdefs.h.  */
| 
| /* Override any GCC internal prototype to avoid an error.
|    Use char because int might match the return type of a GCC
|    builtin and then its argument prototype would still apply.  */
| #ifdef __cplusplus
| extern "C"
| #endif
| char dlopen ();
| int
| main ()
| {
| return dlopen ();
|   ;
|   return 0;
| }
configure:7059: gcc -o conftest -g -O2  -DSYS_PLUGIN_DIR='"${pkglibdir}/plugins"' -DUSER_PLUGIN_DIR='".dlvhex/plugins"'  conftest.c -ldl   >&5
configure:7066: $? = 0
configure:7097: result: -ldl
configure:7253: checking for dlerror
configure:7309: gcc -o conftest -g -O2  -DSYS_PLUGIN_DIR='"${pkglibdir}/plugins"' -DUSER_PLUGIN_DIR='".dlvhex/plugins"'  conftest.c -ldl  -ldl >&5
configure:7316: $? = 0
configure:7338: result: yes
configure:7355: checking for shl_load
configure:7411: gcc -o conftest -g -O2  -DSYS_PLUGIN_DIR='"${pkglibdir}/plugins"' -DUSER_PLUGIN_DIR='".dlvhex/plugins"'  conftest.c -ldl  >&5
/tmp/ccQ3Iizm.o: In function `main':
/home/ozanerdem/Desktop/dlvhex-spirit-refactoring-copy/conftest.c:62: undefined reference to `shl_load'
collect2: ld returned 1 exit status
configure:7418: $? = 1
configure: failed program was:
| /* confdefs.h.  */
| #define PACKAGE_NAME "dlvhex"
| #define PACKAGE_TARNAME "dlvhex"
| #define PACKAGE_VERSION "1.7.0"
| #define PACKAGE_STRING "dlvhex 1.7.0"
| #define PACKAGE_BUGREPORT "tkren@kr.tuwien.ac.at"
| #define DLVPATH "dlv"
| #define PACKAGE "dlvhex"
| #define VERSION "1.7.0"
| #define HAVE_DIRENT_H 1
| #define STDC_HEADERS 1
| #define HAVE_SYS_TYPES_H 1
| #define HAVE_SYS_STAT_H 1
| #define HAVE_STDLIB_H 1
| #define HAVE_STRING_H 1
| #define HAVE_MEMORY_H 1
| #define HAVE_STRINGS_H 1
| #define HAVE_INTTYPES_H 1
| #define HAVE_STDINT_H 1
| #define HAVE_UNISTD_H 1
| #define HAVE_SYS_PARAM_H 1
| #define LT_MODULE_EXT ".so"
| #define LT_MODULE_PATH_VAR "LD_LIBRARY_PATH"
| #define LT_DLSEARCH_PATH "/lib:/usr/lib:/lib/i486-linux-gnu:/usr/lib/i486-linux-gnu:/usr/lib/alsa-lib:/usr/local/lib"
| #define HAVE_LIBDL 1
| #define HAVE_DLERROR 1
| /* end confdefs.h.  */
| /* Define shl_load to an innocuous variant, in case <limits.h> declares shl_load.
|    For example, HP-UX 11i <limits.h> declares gettimeofday.  */
| #define shl_load innocuous_shl_load
| 
| /* System header to define __stub macros and hopefully few prototypes,
|     which can conflict with char shl_load (); below.
|     Prefer <limits.h> to <assert.h> if __STDC__ is defined, since
|     <limits.h> exists even on freestanding compilers.  */
| 
| #ifdef __STDC__
| # include <limits.h>
| #else
| # include <assert.h>
| #endif
| 
| #undef shl_load
| 
| /* Override any GCC internal prototype to avoid an error.
|    Use char because int might match the return type of a GCC
|    builtin and then its argument prototype would still apply.  */
| #ifdef __cplusplus
| extern "C"
| #endif
| char shl_load ();
| /* The GNU C library defines this for functions which it implements
|     to always fail with ENOSYS.  Some functions are actually named
|     something starting with __ and the normal name is an alias.  */
| #if defined __stub_shl_load || defined __stub___shl_load
| choke me
| #endif
| 
| int
| main ()
| {
| return shl_load ();
|   ;
|   return 0;
| }
configure:7438: result: no
configure:7448: checking for shl_load in -ldld
configure:7483: gcc -o conftest -g -O2  -DSYS_PLUGIN_DIR='"${pkglibdir}/plugins"' -DUSER_PLUGIN_DIR='".dlvhex/plugins"'  conftest.c -ldld  -ldl  >&5
/usr/bin/ld: cannot find -ldld
collect2: ld returned 1 exit status
configure:7490: $? = 1
configure: failed program was:
| /* confdefs.h.  */
| #define PACKAGE_NAME "dlvhex"
| #define PACKAGE_TARNAME "dlvhex"
| #define PACKAGE_VERSION "1.7.0"
| #define PACKAGE_STRING "dlvhex 1.7.0"
| #define PACKAGE_BUGREPORT "tkren@kr.tuwien.ac.at"
| #define DLVPATH "dlv"
| #define PACKAGE "dlvhex"
| #define VERSION "1.7.0"
| #define HAVE_DIRENT_H 1
| #define STDC_HEADERS 1
| #define HAVE_SYS_TYPES_H 1
| #define HAVE_SYS_STAT_H 1
| #define HAVE_STDLIB_H 1
| #define HAVE_STRING_H 1
| #define HAVE_MEMORY_H 1
| #define HAVE_STRINGS_H 1
| #define HAVE_INTTYPES_H 1
| #define HAVE_STDINT_H 1
| #define HAVE_UNISTD_H 1
| #define HAVE_SYS_PARAM_H 1
| #define LT_MODULE_EXT ".so"
| #define LT_MODULE_PATH_VAR "LD_LIBRARY_PATH"
| #define LT_DLSEARCH_PATH "/lib:/usr/lib:/lib/i486-linux-gnu:/usr/lib/i486-linux-gnu:/usr/lib/alsa-lib:/usr/local/lib"
| #define HAVE_LIBDL 1
| #define HAVE_DLERROR 1
| /* end confdefs.h.  */
| 
| /* Override any GCC internal prototype to avoid an error.
|    Use char because int might match the return type of a GCC
|    builtin and then its argument prototype would still apply.  */
| #ifdef __cplusplus
| extern "C"
| #endif
| char shl_load ();
| int
| main ()
| {
| return shl_load ();
|   ;
|   return 0;
| }
configure:7511: result: no
configure:7703: checking for dld_link in -ldld
configure:7738: gcc -o conftest -g -O2  -DSYS_PLUGIN_DIR='"${pkglibdir}/plugins"' -DUSER_PLUGIN_DIR='".dlvhex/plugins"'  conftest.c -ldld  -ldl  >&5
/usr/bin/ld: cannot find -ldld
collect2: ld returned 1 exit status
configure:7745: $? = 1
configure: failed program was:
| /* confdefs.h.  */
| #define PACKAGE_NAME "dlvhex"
| #define PACKAGE_TARNAME "dlvhex"
| #define PACKAGE_VERSION "1.7.0"
| #define PACKAGE_STRING "dlvhex 1.7.0"
| #define PACKAGE_BUGREPORT "tkren@kr.tuwien.ac.at"
| #define DLVPATH "dlv"
| #define PACKAGE "dlvhex"
| #define VERSION "1.7.0"
| #define HAVE_DIRENT_H 1
| #define STDC_HEADERS 1
| #define HAVE_SYS_TYPES_H 1
| #define HAVE_SYS_STAT_H 1
| #define HAVE_STDLIB_H 1
| #define HAVE_STRING_H 1
| #define HAVE_MEMORY_H 1
| #define HAVE_STRINGS_H 1
| #define HAVE_INTTYPES_H 1
| #define HAVE_STDINT_H 1
| #define HAVE_UNISTD_H 1
| #define HAVE_SYS_PARAM_H 1
| #define LT_MODULE_EXT ".so"
| #define LT_MODULE_PATH_VAR "LD_LIBRARY_PATH"
| #define LT_DLSEARCH_PATH "/lib:/usr/lib:/lib/i486-linux-gnu:/usr/lib/i486-linux-gnu:/usr/lib/alsa-lib:/usr/local/lib"
| #define HAVE_LIBDL 1
| #define HAVE_DLERROR 1
| /* end confdefs.h.  */
| 
| /* Override any GCC internal prototype to avoid an error.
|    Use char because int might match the return type of a GCC
|    builtin and then its argument prototype would still apply.  */
| #ifdef __cplusplus
| extern "C"
| #endif
| char dld_link ();
| int
| main ()
| {
| return dld_link ();
|   ;
|   return 0;
| }
configure:7766: result: no
configure:7804: checking for BSD- or MS-compatible name lister (nm)
configure:7853: result: /usr/bin/nm -B
configure:7971: checking the name lister (/usr/bin/nm -B) interface
configure:7978: gcc -c -g -O2  -DSYS_PLUGIN_DIR='"${pkglibdir}/plugins"' -DUSER_PLUGIN_DIR='".dlvhex/plugins"' conftest.c >&5
configure:7981: /usr/bin/nm -B "conftest.o"
configure:7984: output
00000000 B some_variable
configure:7991: result: BSD nm
configure:8006: checking for ld used by gcc
configure:8073: result: /usr/bin/ld
configure:8082: checking if the linker (/usr/bin/ld) is GNU ld
configure:8097: result: yes
configure:8138: checking command to parse /usr/bin/nm -B output from gcc object
configure:8256: gcc -c -g -O2  -DSYS_PLUGIN_DIR='"${pkglibdir}/plugins"' -DUSER_PLUGIN_DIR='".dlvhex/plugins"' conftest.c >&5
configure:8259: $? = 0
configure:8263: /usr/bin/nm -B conftest.o \| sed -n -e 's/^.*[	 ]\([ABCDGIRSTW][ABCDGIRSTW]*\)[	 ][	 ]*\([_A-Za-z][_A-Za-z0-9]*\)$/\1 \2 \2/p' \> conftest.nm
configure:8266: $? = 0
configure:8320: gcc -o conftest -g -O2  -DSYS_PLUGIN_DIR='"${pkglibdir}/plugins"' -DUSER_PLUGIN_DIR='".dlvhex/plugins"'  conftest.c conftstm.o >&5
configure:8323: $? = 0
configure:8361: result: ok
configure:8386: checking for _ prefix in compiled symbols
configure:8396: gcc -c -g -O2  -DSYS_PLUGIN_DIR='"${pkglibdir}/plugins"' -DUSER_PLUGIN_DIR='".dlvhex/plugins"' conftest.c >&5
configure:8399: $? = 0
configure:8403: /usr/bin/nm -B conftest.o \| sed -n -e 's/^.*[	 ]\([ABCDGIRSTW][ABCDGIRSTW]*\)[	 ][	 ]*\([_A-Za-z][_A-Za-z0-9]*\)$/\1 \2 \2/p' \> conftest.nm
configure:8406: $? = 0
configure:8428: result: no
configure:8437: checking for dlfcn.h
configure:8458: gcc -c -g -O2  -DSYS_PLUGIN_DIR='"${pkglibdir}/plugins"' -DUSER_PLUGIN_DIR='".dlvhex/plugins"' conftest.c >&5
configure:8465: $? = 0
configure:8482: result: yes
configure:8606: checking whether deplibs are loaded by dlopen
configure:8700: result: yes
configure:8716: checking for argz.h
configure:8737: gcc -c -g -O2  -DSYS_PLUGIN_DIR='"${pkglibdir}/plugins"' -DUSER_PLUGIN_DIR='".dlvhex/plugins"' conftest.c >&5
configure:8744: $? = 0
configure:8761: result: yes
configure:8775: checking for error_t
configure:8806: gcc -c -g -O2  -DSYS_PLUGIN_DIR='"${pkglibdir}/plugins"' -DUSER_PLUGIN_DIR='".dlvhex/plugins"' conftest.c >&5
configure:8813: $? = 0
configure:8843: gcc -c -g -O2  -DSYS_PLUGIN_DIR='"${pkglibdir}/plugins"' -DUSER_PLUGIN_DIR='".dlvhex/plugins"' conftest.c >&5
conftest.c: In function 'main':
conftest.c:38: error: expected expression before ')' token
configure:8850: $? = 1
configure: failed program was:
| /* confdefs.h.  */
| #define PACKAGE_NAME "dlvhex"
| #define PACKAGE_TARNAME "dlvhex"
| #define PACKAGE_VERSION "1.7.0"
| #define PACKAGE_STRING "dlvhex 1.7.0"
| #define PACKAGE_BUGREPORT "tkren@kr.tuwien.ac.at"
| #define DLVPATH "dlv"
| #define PACKAGE "dlvhex"
| #define VERSION "1.7.0"
| #define HAVE_DIRENT_H 1
| #define STDC_HEADERS 1
| #define HAVE_SYS_TYPES_H 1
| #define HAVE_SYS_STAT_H 1
| #define HAVE_STDLIB_H 1
| #define HAVE_STRING_H 1
| #define HAVE_MEMORY_H 1
| #define HAVE_STRINGS_H 1
| #define HAVE_INTTYPES_H 1
| #define HAVE_STDINT_H 1
| #define HAVE_UNISTD_H 1
| #define HAVE_SYS_PARAM_H 1
| #define LT_MODULE_EXT ".so"
| #define LT_MODULE_PATH_VAR "LD_LIBRARY_PATH"
| #define LT_DLSEARCH_PATH "/lib:/usr/lib:/lib/i486-linux-gnu:/usr/lib/i486-linux-gnu:/usr/lib/alsa-lib:/usr/local/lib"
| #define HAVE_LIBDL 1
| #define HAVE_DLERROR 1
| #define HAVE_LIBDLLOADER 1
| #define HAVE_DLFCN_H 1
| #define HAVE_ARGZ_H 1
| /* end confdefs.h.  */
| #if defined(HAVE_ARGZ_H)
| #  include <argz.h>
| #endif
| 
| int
| main ()
| {
| if (sizeof ((error_t)))
| 	  return 0;
|   ;
|   return 0;
| }
configure:8873: result: yes
configure:8908: checking for argz_add
configure:8964: gcc -o conftest -g -O2  -DSYS_PLUGIN_DIR='"${pkglibdir}/plugins"' -DUSER_PLUGIN_DIR='".dlvhex/plugins"'  conftest.c -ldl  >&5
configure:8971: $? = 0
configure:8993: result: yes
configure:8908: checking for argz_append
configure:8964: gcc -o conftest -g -O2  -DSYS_PLUGIN_DIR='"${pkglibdir}/plugins"' -DUSER_PLUGIN_DIR='".dlvhex/plugins"'  conftest.c -ldl  >&5
configure:8971: $? = 0
configure:8993: result: yes
configure:8908: checking for argz_count
configure:8964: gcc -o conftest -g -O2  -DSYS_PLUGIN_DIR='"${pkglibdir}/plugins"' -DUSER_PLUGIN_DIR='".dlvhex/plugins"'  conftest.c -ldl  >&5
configure:8971: $? = 0
configure:8993: result: yes
configure:8908: checking for argz_create_sep
configure:8964: gcc -o conftest -g -O2  -DSYS_PLUGIN_DIR='"${pkglibdir}/plugins"' -DUSER_PLUGIN_DIR='".dlvhex/plugins"'  conftest.c -ldl  >&5
configure:8971: $? = 0
configure:8993: result: yes
configure:8908: checking for argz_insert
configure:8964: gcc -o conftest -g -O2  -DSYS_PLUGIN_DIR='"${pkglibdir}/plugins"' -DUSER_PLUGIN_DIR='".dlvhex/plugins"'  conftest.c -ldl  >&5
configure:8971: $? = 0
configure:8993: result: yes
configure:8908: checking for argz_next
configure:8964: gcc -o conftest -g -O2  -DSYS_PLUGIN_DIR='"${pkglibdir}/plugins"' -DUSER_PLUGIN_DIR='".dlvhex/plugins"'  conftest.c -ldl  >&5
configure:8971: $? = 0
configure:8993: result: yes
configure:8908: checking for argz_stringify
configure:8964: gcc -o conftest -g -O2  -DSYS_PLUGIN_DIR='"${pkglibdir}/plugins"' -DUSER_PLUGIN_DIR='".dlvhex/plugins"'  conftest.c -ldl  >&5
configure:8971: $? = 0
configure:8993: result: yes
configure:9012: checking if argz actually works
configure:9043: result: yes
configure:9064: checking for objdir
configure:9079: result: .libs
configure:9092: checking whether libtool supports -dlopen/-dlpreopen
configure:9104: result: yes
configure:9138: checking for ltdl.h
configure:9160: gcc -c -g -O2  -DSYS_PLUGIN_DIR='"${pkglibdir}/plugins"' -DUSER_PLUGIN_DIR='".dlvhex/plugins"' conftest.c >&5
configure:9167: $? = 0
configure:9182: result: yes
configure:9185: checking whether lt_dlinterface_register is declared
configure:9216: gcc -c -g -O2  -DSYS_PLUGIN_DIR='"${pkglibdir}/plugins"' -DUSER_PLUGIN_DIR='".dlvhex/plugins"' conftest.c >&5
configure:9223: $? = 0
configure:9238: result: yes
configure:9241: checking for lt_dladvise_preload in -lltdl
configure:9276: gcc -o conftest -g -O2  -DSYS_PLUGIN_DIR='"${pkglibdir}/plugins"' -DUSER_PLUGIN_DIR='".dlvhex/plugins"'  conftest.c -lltdl  -ldl  >&5
configure:9283: $? = 0
configure:9304: result: yes
configure:9414: checking where to find libltdl headers
configure:9416: result: 
configure:9418: checking where to find libltdl library
configure:9420: result: -lltdl
configure:9477: checking for unistd.h
configure:9522: result: yes
configure:9477: checking for dl.h
configure:9498: gcc -c -g -O2  -DSYS_PLUGIN_DIR='"${pkglibdir}/plugins"' -DUSER_PLUGIN_DIR='".dlvhex/plugins"' conftest.c >&5
conftest.c:78:16: error: dl.h: No such file or directory
configure:9505: $? = 1
configure: failed program was:
| /* confdefs.h.  */
| #define PACKAGE_NAME "dlvhex"
| #define PACKAGE_TARNAME "dlvhex"
| #define PACKAGE_VERSION "1.7.0"
| #define PACKAGE_STRING "dlvhex 1.7.0"
| #define PACKAGE_BUGREPORT "tkren@kr.tuwien.ac.at"
| #define DLVPATH "dlv"
| #define PACKAGE "dlvhex"
| #define VERSION "1.7.0"
| #define HAVE_DIRENT_H 1
| #define STDC_HEADERS 1
| #define HAVE_SYS_TYPES_H 1
| #define HAVE_SYS_STAT_H 1
| #define HAVE_STDLIB_H 1
| #define HAVE_STRING_H 1
| #define HAVE_MEMORY_H 1
| #define HAVE_STRINGS_H 1
| #define HAVE_INTTYPES_H 1
| #define HAVE_STDINT_H 1
| #define HAVE_UNISTD_H 1
| #define HAVE_SYS_PARAM_H 1
| #define LT_MODULE_EXT ".so"
| #define LT_MODULE_PATH_VAR "LD_LIBRARY_PATH"
| #define LT_DLSEARCH_PATH "/lib:/usr/lib:/lib/i486-linux-gnu:/usr/lib/i486-linux-gnu:/usr/lib/alsa-lib:/usr/local/lib"
| #define HAVE_LIBDL 1
| #define HAVE_DLERROR 1
| #define HAVE_LIBDLLOADER 1
| #define HAVE_DLFCN_H 1
| #define HAVE_ARGZ_H 1
| #define HAVE_ERROR_T 1
| #define HAVE_ARGZ_ADD 1
| #define HAVE_ARGZ_APPEND 1
| #define HAVE_ARGZ_COUNT 1
| #define HAVE_ARGZ_CREATE_SEP 1
| #define HAVE_ARGZ_INSERT 1
| #define HAVE_ARGZ_NEXT 1
| #define HAVE_ARGZ_STRINGIFY 1
| #define HAVE_WORKING_ARGZ 1
| #define LT_OBJDIR ".libs/"
| #define HAVE_PRELOADED_SYMBOLS 1
| #define HAVE_LTDL 1
| #define HAVE_UNISTD_H 1
| /* end confdefs.h.  */
| #include <stdio.h>
| #ifdef HAVE_SYS_TYPES_H
| # include <sys/types.h>
| #endif
| #ifdef HAVE_SYS_STAT_H
| # include <sys/stat.h>
| #endif
| #ifdef STDC_HEADERS
| # include <stdlib.h>
| # include <stddef.h>
| #else
| # ifdef HAVE_STDLIB_H
| #  include <stdlib.h>
| # endif
| #endif
| #ifdef HAVE_STRING_H
| # if !defined STDC_HEADERS && defined HAVE_MEMORY_H
| #  include <memory.h>
| # endif
| # include <string.h>
| #endif
| #ifdef HAVE_STRINGS_H
| # include <strings.h>
| #endif
| #ifdef HAVE_INTTYPES_H
| # include <inttypes.h>
| #endif
| #ifdef HAVE_STDINT_H
| # include <stdint.h>
| #endif
| #ifdef HAVE_UNISTD_H
| # include <unistd.h>
| #endif
| 
| #include <dl.h>
configure:9522: result: no
configure:9477: checking for sys/dl.h
configure:9498: gcc -c -g -O2  -DSYS_PLUGIN_DIR='"${pkglibdir}/plugins"' -DUSER_PLUGIN_DIR='".dlvhex/plugins"' conftest.c >&5
conftest.c:78:20: error: sys/dl.h: No such file or directory
configure:9505: $? = 1
configure: failed program was:
| /* confdefs.h.  */
| #define PACKAGE_NAME "dlvhex"
| #define PACKAGE_TARNAME "dlvhex"
| #define PACKAGE_VERSION "1.7.0"
| #define PACKAGE_STRING "dlvhex 1.7.0"
| #define PACKAGE_BUGREPORT "tkren@kr.tuwien.ac.at"
| #define DLVPATH "dlv"
| #define PACKAGE "dlvhex"
| #define VERSION "1.7.0"
| #define HAVE_DIRENT_H 1
| #define STDC_HEADERS 1
| #define HAVE_SYS_TYPES_H 1
| #define HAVE_SYS_STAT_H 1
| #define HAVE_STDLIB_H 1
| #define HAVE_STRING_H 1
| #define HAVE_MEMORY_H 1
| #define HAVE_STRINGS_H 1
| #define HAVE_INTTYPES_H 1
| #define HAVE_STDINT_H 1
| #define HAVE_UNISTD_H 1
| #define HAVE_SYS_PARAM_H 1
| #define LT_MODULE_EXT ".so"
| #define LT_MODULE_PATH_VAR "LD_LIBRARY_PATH"
| #define LT_DLSEARCH_PATH "/lib:/usr/lib:/lib/i486-linux-gnu:/usr/lib/i486-linux-gnu:/usr/lib/alsa-lib:/usr/local/lib"
| #define HAVE_LIBDL 1
| #define HAVE_DLERROR 1
| #define HAVE_LIBDLLOADER 1
| #define HAVE_DLFCN_H 1
| #define HAVE_ARGZ_H 1
| #define HAVE_ERROR_T 1
| #define HAVE_ARGZ_ADD 1
| #define HAVE_ARGZ_APPEND 1
| #define HAVE_ARGZ_COUNT 1
| #define HAVE_ARGZ_CREATE_SEP 1
| #define HAVE_ARGZ_INSERT 1
| #define HAVE_ARGZ_NEXT 1
| #define HAVE_ARGZ_STRINGIFY 1
| #define HAVE_WORKING_ARGZ 1
| #define LT_OBJDIR ".libs/"
| #define HAVE_PRELOADED_SYMBOLS 1
| #define HAVE_LTDL 1
| #define HAVE_UNISTD_H 1
| /* end confdefs.h.  */
| #include <stdio.h>
| #ifdef HAVE_SYS_TYPES_H
| # include <sys/types.h>
| #endif
| #ifdef HAVE_SYS_STAT_H
| # include <sys/stat.h>
| #endif
| #ifdef STDC_HEADERS
| # include <stdlib.h>
| # include <stddef.h>
| #else
| # ifdef HAVE_STDLIB_H
| #  include <stdlib.h>
| # endif
| #endif
| #ifdef HAVE_STRING_H
| # if !defined STDC_HEADERS && defined HAVE_MEMORY_H
| #  include <memory.h>
| # endif
| # include <string.h>
| #endif
| #ifdef HAVE_STRINGS_H
| # include <strings.h>
| #endif
| #ifdef HAVE_INTTYPES_H
| # include <inttypes.h>
| #endif
| #ifdef HAVE_STDINT_H
| # include <stdint.h>
| #endif
| #ifdef HAVE_UNISTD_H
| # include <unistd.h>
| #endif
| 
| #include <sys/dl.h>
configure:9522: result: no
configure:9477: checking for dld.h
configure:9498: gcc -c -g -O2  -DSYS_PLUGIN_DIR='"${pkglibdir}/plugins"' -DUSER_PLUGIN_DIR='".dlvhex/plugins"' conftest.c >&5
conftest.c:78:17: error: dld.h: No such file or directory
configure:9505: $? = 1
configure: failed program was:
| /* confdefs.h.  */
| #define PACKAGE_NAME "dlvhex"
| #define PACKAGE_TARNAME "dlvhex"
| #define PACKAGE_VERSION "1.7.0"
| #define PACKAGE_STRING "dlvhex 1.7.0"
| #define PACKAGE_BUGREPORT "tkren@kr.tuwien.ac.at"
| #define DLVPATH "dlv"
| #define PACKAGE "dlvhex"
| #define VERSION "1.7.0"
| #define HAVE_DIRENT_H 1
| #define STDC_HEADERS 1
| #define HAVE_SYS_TYPES_H 1
| #define HAVE_SYS_STAT_H 1
| #define HAVE_STDLIB_H 1
| #define HAVE_STRING_H 1
| #define HAVE_MEMORY_H 1
| #define HAVE_STRINGS_H 1
| #define HAVE_INTTYPES_H 1
| #define HAVE_STDINT_H 1
| #define HAVE_UNISTD_H 1
| #define HAVE_SYS_PARAM_H 1
| #define LT_MODULE_EXT ".so"
| #define LT_MODULE_PATH_VAR "LD_LIBRARY_PATH"
| #define LT_DLSEARCH_PATH "/lib:/usr/lib:/lib/i486-linux-gnu:/usr/lib/i486-linux-gnu:/usr/lib/alsa-lib:/usr/local/lib"
| #define HAVE_LIBDL 1
| #define HAVE_DLERROR 1
| #define HAVE_LIBDLLOADER 1
| #define HAVE_DLFCN_H 1
| #define HAVE_ARGZ_H 1
| #define HAVE_ERROR_T 1
| #define HAVE_ARGZ_ADD 1
| #define HAVE_ARGZ_APPEND 1
| #define HAVE_ARGZ_COUNT 1
| #define HAVE_ARGZ_CREATE_SEP 1
| #define HAVE_ARGZ_INSERT 1
| #define HAVE_ARGZ_NEXT 1
| #define HAVE_ARGZ_STRINGIFY 1
| #define HAVE_WORKING_ARGZ 1
| #define LT_OBJDIR ".libs/"
| #define HAVE_PRELOADED_SYMBOLS 1
| #define HAVE_LTDL 1
| #define HAVE_UNISTD_H 1
| /* end confdefs.h.  */
| #include <stdio.h>
| #ifdef HAVE_SYS_TYPES_H
| # include <sys/types.h>
| #endif
| #ifdef HAVE_SYS_STAT_H
| # include <sys/stat.h>
| #endif
| #ifdef STDC_HEADERS
| # include <stdlib.h>
| # include <stddef.h>
| #else
| # ifdef HAVE_STDLIB_H
| #  include <stdlib.h>
| # endif
| #endif
| #ifdef HAVE_STRING_H
| # if !defined STDC_HEADERS && defined HAVE_MEMORY_H
| #  include <memory.h>
| # endif
| # include <string.h>
| #endif
| #ifdef HAVE_STRINGS_H
| # include <strings.h>
| #endif
| #ifdef HAVE_INTTYPES_H
| # include <inttypes.h>
| #endif
| #ifdef HAVE_STDINT_H
| # include <stdint.h>
| #endif
| #ifdef HAVE_UNISTD_H
| # include <unistd.h>
| #endif
| 
| #include <dld.h>
configure:9522: result: no
configure:9477: checking for mach-o/dyld.h
configure:9498: gcc -c -g -O2  -DSYS_PLUGIN_DIR='"${pkglibdir}/plugins"' -DUSER_PLUGIN_DIR='".dlvhex/plugins"' conftest.c >&5
conftest.c:78:25: error: mach-o/dyld.h: No such file or directory
configure:9505: $? = 1
configure: failed program was:
| /* confdefs.h.  */
| #define PACKAGE_NAME "dlvhex"
| #define PACKAGE_TARNAME "dlvhex"
| #define PACKAGE_VERSION "1.7.0"
| #define PACKAGE_STRING "dlvhex 1.7.0"
| #define PACKAGE_BUGREPORT "tkren@kr.tuwien.ac.at"
| #define DLVPATH "dlv"
| #define PACKAGE "dlvhex"
| #define VERSION "1.7.0"
| #define HAVE_DIRENT_H 1
| #define STDC_HEADERS 1
| #define HAVE_SYS_TYPES_H 1
| #define HAVE_SYS_STAT_H 1
| #define HAVE_STDLIB_H 1
| #define HAVE_STRING_H 1
| #define HAVE_MEMORY_H 1
| #define HAVE_STRINGS_H 1
| #define HAVE_INTTYPES_H 1
| #define HAVE_STDINT_H 1
| #define HAVE_UNISTD_H 1
| #define HAVE_SYS_PARAM_H 1
| #define LT_MODULE_EXT ".so"
| #define LT_MODULE_PATH_VAR "LD_LIBRARY_PATH"
| #define LT_DLSEARCH_PATH "/lib:/usr/lib:/lib/i486-linux-gnu:/usr/lib/i486-linux-gnu:/usr/lib/alsa-lib:/usr/local/lib"
| #define HAVE_LIBDL 1
| #define HAVE_DLERROR 1
| #define HAVE_LIBDLLOADER 1
| #define HAVE_DLFCN_H 1
| #define HAVE_ARGZ_H 1
| #define HAVE_ERROR_T 1
| #define HAVE_ARGZ_ADD 1
| #define HAVE_ARGZ_APPEND 1
| #define HAVE_ARGZ_COUNT 1
| #define HAVE_ARGZ_CREATE_SEP 1
| #define HAVE_ARGZ_INSERT 1
| #define HAVE_ARGZ_NEXT 1
| #define HAVE_ARGZ_STRINGIFY 1
| #define HAVE_WORKING_ARGZ 1
| #define LT_OBJDIR ".libs/"
| #define HAVE_PRELOADED_SYMBOLS 1
| #define HAVE_LTDL 1
| #define HAVE_UNISTD_H 1
| /* end confdefs.h.  */
| #include <stdio.h>
| #ifdef HAVE_SYS_TYPES_H
| # include <sys/types.h>
| #endif
| #ifdef HAVE_SYS_STAT_H
| # include <sys/stat.h>
| #endif
| #ifdef STDC_HEADERS
| # include <stdlib.h>
| # include <stddef.h>
| #else
| # ifdef HAVE_STDLIB_H
| #  include <stdlib.h>
| # endif
| #endif
| #ifdef HAVE_STRING_H
| # if !defined STDC_HEADERS && defined HAVE_MEMORY_H
| #  include <memory.h>
| # endif
| # include <string.h>
| #endif
| #ifdef HAVE_STRINGS_H
| # include <strings.h>
| #endif
| #ifdef HAVE_INTTYPES_H
| # include <inttypes.h>
| #endif
| #ifdef HAVE_STDINT_H
| # include <stdint.h>
| #endif
| #ifdef HAVE_UNISTD_H
| # include <unistd.h>
| #endif
| 
| #include <mach-o/dyld.h>
configure:9522: result: no
configure:9477: checking for dirent.h
configure:9498: gcc -c -g -O2  -DSYS_PLUGIN_DIR='"${pkglibdir}/plugins"' -DUSER_PLUGIN_DIR='".dlvhex/plugins"' conftest.c >&5
configure:9505: $? = 0
configure:9522: result: yes
configure:9542: checking for closedir
configure:9598: gcc -o conftest -g -O2  -DSYS_PLUGIN_DIR='"${pkglibdir}/plugins"' -DUSER_PLUGIN_DIR='".dlvhex/plugins"'  conftest.c -ldl  >&5
configure:9605: $? = 0
configure:9627: result: yes
configure:9542: checking for opendir
configure:9598: gcc -o conftest -g -O2  -DSYS_PLUGIN_DIR='"${pkglibdir}/plugins"' -DUSER_PLUGIN_DIR='".dlvhex/plugins"'  conftest.c -ldl  >&5
configure:9605: $? = 0
configure:9627: result: yes
configure:9542: checking for readdir
configure:9598: gcc -o conftest -g -O2  -DSYS_PLUGIN_DIR='"${pkglibdir}/plugins"' -DUSER_PLUGIN_DIR='".dlvhex/plugins"'  conftest.c -ldl  >&5
configure:9605: $? = 0
configure:9627: result: yes
configure:9649: checking for strlcat
configure:9705: gcc -o conftest -g -O2  -DSYS_PLUGIN_DIR='"${pkglibdir}/plugins"' -DUSER_PLUGIN_DIR='".dlvhex/plugins"'  conftest.c -ldl  >&5
/tmp/ccfeAdln.o: In function `main':
/home/ozanerdem/Desktop/dlvhex-spirit-refactoring-copy/conftest.c:82: undefined reference to `strlcat'
collect2: ld returned 1 exit status
configure:9712: $? = 1
configure: failed program was:
| /* confdefs.h.  */
| #define PACKAGE_NAME "dlvhex"
| #define PACKAGE_TARNAME "dlvhex"
| #define PACKAGE_VERSION "1.7.0"
| #define PACKAGE_STRING "dlvhex 1.7.0"
| #define PACKAGE_BUGREPORT "tkren@kr.tuwien.ac.at"
| #define DLVPATH "dlv"
| #define PACKAGE "dlvhex"
| #define VERSION "1.7.0"
| #define HAVE_DIRENT_H 1
| #define STDC_HEADERS 1
| #define HAVE_SYS_TYPES_H 1
| #define HAVE_SYS_STAT_H 1
| #define HAVE_STDLIB_H 1
| #define HAVE_STRING_H 1
| #define HAVE_MEMORY_H 1
| #define HAVE_STRINGS_H 1
| #define HAVE_INTTYPES_H 1
| #define HAVE_STDINT_H 1
| #define HAVE_UNISTD_H 1
| #define HAVE_SYS_PARAM_H 1
| #define LT_MODULE_EXT ".so"
| #define LT_MODULE_PATH_VAR "LD_LIBRARY_PATH"
| #define LT_DLSEARCH_PATH "/lib:/usr/lib:/lib/i486-linux-gnu:/usr/lib/i486-linux-gnu:/usr/lib/alsa-lib:/usr/local/lib"
| #define HAVE_LIBDL 1
| #define HAVE_DLERROR 1
| #define HAVE_LIBDLLOADER 1
| #define HAVE_DLFCN_H 1
| #define HAVE_ARGZ_H 1
| #define HAVE_ERROR_T 1
| #define HAVE_ARGZ_ADD 1
| #define HAVE_ARGZ_APPEND 1
| #define HAVE_ARGZ_COUNT 1
| #define HAVE_ARGZ_CREATE_SEP 1
| #define HAVE_ARGZ_INSERT 1
| #define HAVE_ARGZ_NEXT 1
| #define HAVE_ARGZ_STRINGIFY 1
| #define HAVE_WORKING_ARGZ 1
| #define LT_OBJDIR ".libs/"
| #define HAVE_PRELOADED_SYMBOLS 1
| #define HAVE_LTDL 1
| #define HAVE_UNISTD_H 1
| #define HAVE_DIRENT_H 1
| #define HAVE_CLOSEDIR 1
| #define HAVE_OPENDIR 1
| #define HAVE_READDIR 1
| /* end confdefs.h.  */
| /* Define strlcat to an innocuous variant, in case <limits.h> declares strlcat.
|    For example, HP-UX 11i <limits.h> declares gettimeofday.  */
| #define strlcat innocuous_strlcat
| 
| /* System header to define __stub macros and hopefully few prototypes,
|     which can conflict with char strlcat (); below.
|     Prefer <limits.h> to <assert.h> if __STDC__ is defined, since
|     <limits.h> exists even on freestanding compilers.  */
| 
| #ifdef __STDC__
| # include <limits.h>
| #else
| # include <assert.h>
| #endif
| 
| #undef strlcat
| 
| /* Override any GCC internal prototype to avoid an error.
|    Use char because int might match the return type of a GCC
|    builtin and then its argument prototype would still apply.  */
| #ifdef __cplusplus
| extern "C"
| #endif
| char strlcat ();
| /* The GNU C library defines this for functions which it implements
|     to always fail with ENOSYS.  Some functions are actually named
|     something starting with __ and the normal name is an alias.  */
| #if defined __stub_strlcat || defined __stub___strlcat
| choke me
| #endif
| 
| int
| main ()
| {
| return strlcat ();
|   ;
|   return 0;
| }
configure:9734: result: no
configure:9649: checking for strlcpy
configure:9705: gcc -o conftest -g -O2  -DSYS_PLUGIN_DIR='"${pkglibdir}/plugins"' -DUSER_PLUGIN_DIR='".dlvhex/plugins"'  conftest.c -ldl  >&5
/tmp/cc4vFhKq.o: In function `main':
/home/ozanerdem/Desktop/dlvhex-spirit-refactoring-copy/conftest.c:82: undefined reference to `strlcpy'
collect2: ld returned 1 exit status
configure:9712: $? = 1
configure: failed program was:
| /* confdefs.h.  */
| #define PACKAGE_NAME "dlvhex"
| #define PACKAGE_TARNAME "dlvhex"
| #define PACKAGE_VERSION "1.7.0"
| #define PACKAGE_STRING "dlvhex 1.7.0"
| #define PACKAGE_BUGREPORT "tkren@kr.tuwien.ac.at"
| #define DLVPATH "dlv"
| #define PACKAGE "dlvhex"
| #define VERSION "1.7.0"
| #define HAVE_DIRENT_H 1
| #define STDC_HEADERS 1
| #define HAVE_SYS_TYPES_H 1
| #define HAVE_SYS_STAT_H 1
| #define HAVE_STDLIB_H 1
| #define HAVE_STRING_H 1
| #define HAVE_MEMORY_H 1
| #define HAVE_STRINGS_H 1
| #define HAVE_INTTYPES_H 1
| #define HAVE_STDINT_H 1
| #define HAVE_UNISTD_H 1
| #define HAVE_SYS_PARAM_H 1
| #define LT_MODULE_EXT ".so"
| #define LT_MODULE_PATH_VAR "LD_LIBRARY_PATH"
| #define LT_DLSEARCH_PATH "/lib:/usr/lib:/lib/i486-linux-gnu:/usr/lib/i486-linux-gnu:/usr/lib/alsa-lib:/usr/local/lib"
| #define HAVE_LIBDL 1
| #define HAVE_DLERROR 1
| #define HAVE_LIBDLLOADER 1
| #define HAVE_DLFCN_H 1
| #define HAVE_ARGZ_H 1
| #define HAVE_ERROR_T 1
| #define HAVE_ARGZ_ADD 1
| #define HAVE_ARGZ_APPEND 1
| #define HAVE_ARGZ_COUNT 1
| #define HAVE_ARGZ_CREATE_SEP 1
| #define HAVE_ARGZ_INSERT 1
| #define HAVE_ARGZ_NEXT 1
| #define HAVE_ARGZ_STRINGIFY 1
| #define HAVE_WORKING_ARGZ 1
| #define LT_OBJDIR ".libs/"
| #define HAVE_PRELOADED_SYMBOLS 1
| #define HAVE_LTDL 1
| #define HAVE_UNISTD_H 1
| #define HAVE_DIRENT_H 1
| #define HAVE_CLOSEDIR 1
| #define HAVE_OPENDIR 1
| #define HAVE_READDIR 1
| /* end confdefs.h.  */
| /* Define strlcpy to an innocuous variant, in case <limits.h> declares strlcpy.
|    For example, HP-UX 11i <limits.h> declares gettimeofday.  */
| #define strlcpy innocuous_strlcpy
| 
| /* System header to define __stub macros and hopefully few prototypes,
|     which can conflict with char strlcpy (); below.
|     Prefer <limits.h> to <assert.h> if __STDC__ is defined, since
|     <limits.h> exists even on freestanding compilers.  */
| 
| #ifdef __STDC__
| # include <limits.h>
| #else
| # include <assert.h>
| #endif
| 
| #undef strlcpy
| 
| /* Override any GCC internal prototype to avoid an error.
|    Use char because int might match the return type of a GCC
|    builtin and then its argument prototype would still apply.  */
| #ifdef __cplusplus
| extern "C"
| #endif
| char strlcpy ();
| /* The GNU C library defines this for functions which it implements
|     to always fail with ENOSYS.  Some functions are actually named
|     something starting with __ and the normal name is an alias.  */
| #if defined __stub_strlcpy || defined __stub___strlcpy
| choke me
| #endif
| 
| int
| main ()
| {
| return strlcpy ();
|   ;
|   return 0;
| }
configure:9734: result: no
configure:9823: checking whether ln -s works
configure:9827: result: yes
configure:9835: checking the maximum length of command line arguments
configure:9955: result: 1572864
configure:9968: checking whether the shell understands some XSI constructs
configure:9978: result: yes
configure:9982: checking whether the shell understands "+="
configure:9988: result: yes
configure:10023: checking for /usr/bin/ld option to reload object files
configure:10030: result: -r
configure:10058: checking how to recognize dependent libraries
configure:10254: result: pass_all
configure:10314: checking for ar
configure:10330: found /usr/bin/ar
configure:10341: result: ar
configure:10419: checking for strip
configure:10435: found /usr/bin/strip
configure:10446: result: strip
configure:10518: checking for ranlib
configure:10534: found /usr/bin/ranlib
configure:10545: result: ranlib
configure:11556: checking for C++ compiler version
configure:11564: g++ --version >&5
g++ (Ubuntu 4.3.3-5ubuntu4) 4.3.3
Copyright (C) 2008 Free Software Foundation, Inc.
This is free software; see the source for copying conditions.  There is NO
warranty; not even for MERCHANTABILITY or FITNESS FOR A PARTICULAR PURPOSE.

configure:11568: $? = 0
configure:11575: g++ -v >&5
Using built-in specs.
Target: i486-linux-gnu
Configured with: ../src/configure -v --with-pkgversion='Ubuntu 4.3.3-5ubuntu4' --with-bugurl=file:///usr/share/doc/gcc-4.3/README.Bugs --enable-languages=c,c++,fortran,objc,obj-c++ --prefix=/usr --enable-shared --with-system-zlib --libexecdir=/usr/lib --without-included-gettext --enable-threads=posix --enable-nls --with-gxx-include-dir=/usr/include/c++/4.3 --program-suffix=-4.3 --enable-clocale=gnu --enable-libstdcxx-debug --enable-objc-gc --enable-mpfr --enable-targets=all --with-tune=generic --enable-checking=release --build=i486-linux-gnu --host=i486-linux-gnu --target=i486-linux-gnu
Thread model: posix
gcc version 4.3.3 (Ubuntu 4.3.3-5ubuntu4) 
configure:11579: $? = 0
configure:11586: g++ -V >&5
g++: '-V' option must have argument
configure:11590: $? = 1
configure:11593: checking whether we are using the GNU C++ compiler
configure:11646: result: yes
configure:11655: checking whether g++ accepts -g
configure:11793: result: yes
configure:11818: checking dependency style of g++
configure:11909: result: gcc3
configure:11932: checking how to run the C++ preprocessor
configure:12046: result: g++ -E
configure:12075: g++ -E  -DSYS_PLUGIN_DIR='"${pkglibdir}/plugins"' -DUSER_PLUGIN_DIR='".dlvhex/plugins"' conftest.cpp
configure:12082: $? = 0
configure:12113: g++ -E  -DSYS_PLUGIN_DIR='"${pkglibdir}/plugins"' -DUSER_PLUGIN_DIR='".dlvhex/plugins"' conftest.cpp
conftest.cpp:49:28: error: ac_nonexistent.h: No such file or directory
configure:12120: $? = 1
configure: failed program was:
| /* confdefs.h.  */
| #define PACKAGE_NAME "dlvhex"
| #define PACKAGE_TARNAME "dlvhex"
| #define PACKAGE_VERSION "1.7.0"
| #define PACKAGE_STRING "dlvhex 1.7.0"
| #define PACKAGE_BUGREPORT "tkren@kr.tuwien.ac.at"
| #define DLVPATH "dlv"
| #define PACKAGE "dlvhex"
| #define VERSION "1.7.0"
| #define HAVE_DIRENT_H 1
| #define STDC_HEADERS 1
| #define HAVE_SYS_TYPES_H 1
| #define HAVE_SYS_STAT_H 1
| #define HAVE_STDLIB_H 1
| #define HAVE_STRING_H 1
| #define HAVE_MEMORY_H 1
| #define HAVE_STRINGS_H 1
| #define HAVE_INTTYPES_H 1
| #define HAVE_STDINT_H 1
| #define HAVE_UNISTD_H 1
| #define HAVE_SYS_PARAM_H 1
| #define LT_MODULE_EXT ".so"
| #define LT_MODULE_PATH_VAR "LD_LIBRARY_PATH"
| #define LT_DLSEARCH_PATH "/lib:/usr/lib:/lib/i486-linux-gnu:/usr/lib/i486-linux-gnu:/usr/lib/alsa-lib:/usr/local/lib"
| #define HAVE_LIBDL 1
| #define HAVE_DLERROR 1
| #define HAVE_LIBDLLOADER 1
| #define HAVE_DLFCN_H 1
| #define HAVE_ARGZ_H 1
| #define HAVE_ERROR_T 1
| #define HAVE_ARGZ_ADD 1
| #define HAVE_ARGZ_APPEND 1
| #define HAVE_ARGZ_COUNT 1
| #define HAVE_ARGZ_CREATE_SEP 1
| #define HAVE_ARGZ_INSERT 1
| #define HAVE_ARGZ_NEXT 1
| #define HAVE_ARGZ_STRINGIFY 1
| #define HAVE_WORKING_ARGZ 1
| #define LT_OBJDIR ".libs/"
| #define HAVE_PRELOADED_SYMBOLS 1
| #define HAVE_LTDL 1
| #define HAVE_UNISTD_H 1
| #define HAVE_DIRENT_H 1
| #define HAVE_CLOSEDIR 1
| #define HAVE_OPENDIR 1
| #define HAVE_READDIR 1
| #define LT_LIBEXT ""
| /* end confdefs.h.  */
| #include <ac_nonexistent.h>
configure:12332: checking for objdir
configure:12347: result: .libs
configure:12640: checking if gcc supports -fno-rtti -fno-exceptions
configure:12658: gcc -c -g -O2  -DSYS_PLUGIN_DIR='"${pkglibdir}/plugins"' -DUSER_PLUGIN_DIR='".dlvhex/plugins"' -fno-rtti -fno-exceptions conftest.c >&5
cc1: warning: command line option "-fno-rtti" is valid for C++/ObjC++ but not for C
configure:12662: $? = 0
configure:12675: result: no
configure:12695: checking for gcc option to produce PIC
configure:12967: result: -fPIC -DPIC
configure:12979: checking if gcc PIC flag -fPIC -DPIC works
configure:12997: gcc -c -g -O2  -DSYS_PLUGIN_DIR='"${pkglibdir}/plugins"' -DUSER_PLUGIN_DIR='".dlvhex/plugins"' -fPIC -DPIC -DPIC conftest.c >&5
configure:13001: $? = 0
configure:13014: result: yes
configure:13038: checking if gcc static flag -static works
configure:13066: result: yes
configure:13081: checking if gcc supports -c -o file.o
configure:13102: gcc -c -g -O2  -DSYS_PLUGIN_DIR='"${pkglibdir}/plugins"' -DUSER_PLUGIN_DIR='".dlvhex/plugins"' -o out/conftest2.o conftest.c >&5
configure:13106: $? = 0
configure:13128: result: yes
configure:13136: checking if gcc supports -c -o file.o
configure:13183: result: yes
configure:13216: checking whether the gcc linker (/usr/bin/ld) supports shared libraries
configure:14291: result: yes
configure:14328: checking whether -lc should be explicitly linked in
configure:14333: gcc -c -g -O2  -DSYS_PLUGIN_DIR='"${pkglibdir}/plugins"' -DUSER_PLUGIN_DIR='".dlvhex/plugins"' conftest.c >&5
configure:14336: $? = 0
configure:14351: gcc -shared conftest.o  -v -Wl,-soname -Wl,conftest -o conftest 2\>\&1 \| /bin/grep  -lc  \>/dev/null 2\>\&1
configure:14354: $? = 0
configure:14366: result: no
configure:14530: checking dynamic linker characteristics
configure:14973: gcc -o conftest -g -O2  -DSYS_PLUGIN_DIR='"${pkglibdir}/plugins"' -DUSER_PLUGIN_DIR='".dlvhex/plugins"'  -Wl,-rpath -Wl,/foo conftest.c -ldl  >&5
configure:14980: $? = 0
configure:15225: result: GNU/Linux ld.so
configure:15276: checking how to hardcode library paths into programs
configure:15301: result: immediate
configure:15424: checking for shl_load
configure:15507: result: no
configure:15512: checking for shl_load in -ldld
configure:15575: result: no
configure:15580: checking for dlopen
configure:15636: gcc -o conftest -g -O2  -DSYS_PLUGIN_DIR='"${pkglibdir}/plugins"' -DUSER_PLUGIN_DIR='".dlvhex/plugins"'  conftest.c -ldl  >&5
configure:15643: $? = 0
configure:15663: result: yes
configure:15908: checking whether a program can dlopen itself
configure:15978: gcc -o conftest -g -O2  -DSYS_PLUGIN_DIR='"${pkglibdir}/plugins"' -DUSER_PLUGIN_DIR='".dlvhex/plugins"' -DHAVE_DLFCN_H  -Wl,--export-dynamic conftest.c  -ldl  >&5
configure:15981: $? = 0
configure:15999: result: yes
configure:16004: checking whether a statically linked program can dlopen itself
configure:16074: gcc -o conftest -g -O2  -DSYS_PLUGIN_DIR='"${pkglibdir}/plugins"' -DUSER_PLUGIN_DIR='".dlvhex/plugins"' -DHAVE_DLFCN_H  -Wl,--export-dynamic -static conftest.c  -ldl  >&5
/tmp/ccEby4I7.o: In function `main':
/home/ozanerdem/Desktop/dlvhex-spirit-refactoring-copy/configure:16058: warning: Using 'dlopen' in statically linked applications requires at runtime the shared libraries from the glibc version used for linking
configure:16077: $? = 0
/lib/: cannot read file data: Is a directory
configure:16095: result: no
configure:16134: checking whether stripping libraries is possible
configure:16139: result: yes
configure:16174: checking if libtool supports shared libraries
configure:16176: result: yes
configure:16179: checking whether to build shared libraries
configure:16200: result: yes
configure:16203: checking whether to build static libraries
configure:16207: result: yes
configure:16357: checking for ld used by g++
configure:16424: result: /usr/bin/ld
configure:16433: checking if the linker (/usr/bin/ld) is GNU ld
configure:16448: result: yes
configure:16503: checking whether the g++ linker (/usr/bin/ld) supports shared libraries
configure:17478: result: yes
configure:17506: g++ -c -g -O2 -W -Wall  -DSYS_PLUGIN_DIR='"${pkglibdir}/plugins"' -DUSER_PLUGIN_DIR='".dlvhex/plugins"' conftest.cpp >&5
configure:17509: $? = 0
configure:17691: checking for g++ option to produce PIC
configure:18008: result: -fPIC -DPIC
configure:18017: checking if g++ PIC flag -fPIC -DPIC works
configure:18035: g++ -c -g -O2 -W -Wall  -DSYS_PLUGIN_DIR='"${pkglibdir}/plugins"' -DUSER_PLUGIN_DIR='".dlvhex/plugins"' -fPIC -DPIC -DPIC conftest.cpp >&5
configure:18039: $? = 0
configure:18052: result: yes
configure:18073: checking if g++ static flag -static works
configure:18101: result: yes
configure:18113: checking if g++ supports -c -o file.o
configure:18134: g++ -c -g -O2 -W -Wall  -DSYS_PLUGIN_DIR='"${pkglibdir}/plugins"' -DUSER_PLUGIN_DIR='".dlvhex/plugins"' -o out/conftest2.o conftest.cpp >&5
configure:18138: $? = 0
configure:18160: result: yes
configure:18165: checking if g++ supports -c -o file.o
configure:18212: result: yes
configure:18242: checking whether the g++ linker (/usr/bin/ld) supports shared libraries
configure:18271: result: yes
configure:18408: checking dynamic linker characteristics
configure:18799: g++ -o conftest -g -O2 -W -Wall  -DSYS_PLUGIN_DIR='"${pkglibdir}/plugins"' -DUSER_PLUGIN_DIR='".dlvhex/plugins"'  -Wl,-rpath -Wl,/foo conftest.cpp -ldl  >&5
configure:18806: $? = 0
configure:19051: result: GNU/Linux ld.so
configure:19102: checking how to hardcode library paths into programs
configure:19127: result: immediate
configure:19248: checking for pkg-config
configure:19266: found /usr/bin/pkg-config
configure:19278: result: /usr/bin/pkg-config
configure:19303: checking pkg-config is at least version 0.9.0
configure:19306: result: yes
configure:19317: checking for CPPUNIT
configure:19325: $PKG_CONFIG --exists --print-errors "cppunit >= 1.12.0"
Package cppunit was not found in the pkg-config search path.
Perhaps you should add the directory containing `cppunit.pc'
to the PKG_CONFIG_PATH environment variable
No package 'cppunit' found
configure:19328: $? = 1
configure:19343: $PKG_CONFIG --exists --print-errors "cppunit >= 1.12.0"
Package cppunit was not found in the pkg-config search path.
Perhaps you should add the directory containing `cppunit.pc'
to the PKG_CONFIG_PATH environment variable
No package 'cppunit' found
configure:19346: $? = 1
No package 'cppunit' found
configure:19374: result: no
configure:19387: WARNING: could not find cppunit >= 1.12.0, `make check' will fail. Please download it from http://cppunit.sourceforge.net/ and setup PKG_CONFIG_PATH appropriately.
configure:19428: checking for Boost headers version >= 103300
configure:19482: g++ -c -g -O2 -W -Wall  -DSYS_PLUGIN_DIR='"${pkglibdir}/plugins"' -DUSER_PLUGIN_DIR='".dlvhex/plugins"' conftest.cpp >&5
configure:19489: $? = 0
configure:19518: result: yes
configure:19528: checking for Boost's header version
configure:19549: result: 1_35
configure:19580: checking boost/scoped_ptr.hpp usability
configure:19597: g++ -c -g -O2 -W -Wall  -DSYS_PLUGIN_DIR='"${pkglibdir}/plugins"' -DUSER_PLUGIN_DIR='".dlvhex/plugins"'  conftest.cpp >&5
configure:19604: $? = 0
configure:19618: result: yes
configure:19622: checking boost/scoped_ptr.hpp presence
configure:19637: g++ -E  -DSYS_PLUGIN_DIR='"${pkglibdir}/plugins"' -DUSER_PLUGIN_DIR='".dlvhex/plugins"'  conftest.cpp
configure:19644: $? = 0
configure:19658: result: yes
configure:19691: checking for boost/scoped_ptr.hpp
configure:19698: result: yes
configure:19739: checking boost/shared_ptr.hpp usability
configure:19756: g++ -c -g -O2 -W -Wall  -DSYS_PLUGIN_DIR='"${pkglibdir}/plugins"' -DUSER_PLUGIN_DIR='".dlvhex/plugins"'  conftest.cpp >&5
configure:19763: $? = 0
configure:19777: result: yes
configure:19781: checking boost/shared_ptr.hpp presence
configure:19796: g++ -E  -DSYS_PLUGIN_DIR='"${pkglibdir}/plugins"' -DUSER_PLUGIN_DIR='".dlvhex/plugins"'  conftest.cpp
configure:19803: $? = 0
configure:19817: result: yes
configure:19850: checking for boost/shared_ptr.hpp
configure:19857: result: yes
configure:19899: checking boost/algorithm/string.hpp usability
configure:19916: g++ -c -g -O2 -W -Wall  -DSYS_PLUGIN_DIR='"${pkglibdir}/plugins"' -DUSER_PLUGIN_DIR='".dlvhex/plugins"'  conftest.cpp >&5
configure:19923: $? = 0
configure:19937: result: yes
configure:19941: checking boost/algorithm/string.hpp presence
configure:19956: g++ -E  -DSYS_PLUGIN_DIR='"${pkglibdir}/plugins"' -DUSER_PLUGIN_DIR='".dlvhex/plugins"'  conftest.cpp
configure:19963: $? = 0
configure:19977: result: yes
configure:20010: checking for boost/algorithm/string.hpp
configure:20017: result: yes
configure:20059: checking boost/tokenizer.hpp usability
configure:20076: g++ -c -g -O2 -W -Wall  -DSYS_PLUGIN_DIR='"${pkglibdir}/plugins"' -DUSER_PLUGIN_DIR='".dlvhex/plugins"'  conftest.cpp >&5
configure:20083: $? = 0
configure:20097: result: yes
configure:20101: checking boost/tokenizer.hpp presence
configure:20116: g++ -E  -DSYS_PLUGIN_DIR='"${pkglibdir}/plugins"' -DUSER_PLUGIN_DIR='".dlvhex/plugins"'  conftest.cpp
configure:20123: $? = 0
configure:20137: result: yes
configure:20170: checking for boost/tokenizer.hpp
configure:20177: result: yes
configure:20201: checking for the toolset name used by Boost for g++
configure:20281: g++ -c -g -O2 -W -Wall  -DSYS_PLUGIN_DIR='"${pkglibdir}/plugins"' -DUSER_PLUGIN_DIR='".dlvhex/plugins"' conftest.cpp >&5
configure:20288: $? = 0
configure:20325: result: gcc43 -xgcc43 -gcc
configure:20362: gcc -c -g -O2  -DSYS_PLUGIN_DIR='"${pkglibdir}/plugins"' -DUSER_PLUGIN_DIR='".dlvhex/plugins"' conftest.c >&5
conftest.c:58:3: error: #error MT not needed
configure:20369: $? = 1
configure: failed program was:
| /* confdefs.h.  */
| #define PACKAGE_NAME "dlvhex"
| #define PACKAGE_TARNAME "dlvhex"
| #define PACKAGE_VERSION "1.7.0"
| #define PACKAGE_STRING "dlvhex 1.7.0"
| #define PACKAGE_BUGREPORT "tkren@kr.tuwien.ac.at"
| #define DLVPATH "dlv"
| #define PACKAGE "dlvhex"
| #define VERSION "1.7.0"
| #define HAVE_DIRENT_H 1
| #define STDC_HEADERS 1
| #define HAVE_SYS_TYPES_H 1
| #define HAVE_SYS_STAT_H 1
| #define HAVE_STDLIB_H 1
| #define HAVE_STRING_H 1
| #define HAVE_MEMORY_H 1
| #define HAVE_STRINGS_H 1
| #define HAVE_INTTYPES_H 1
| #define HAVE_STDINT_H 1
| #define HAVE_UNISTD_H 1
| #define HAVE_SYS_PARAM_H 1
| #define LT_MODULE_EXT ".so"
| #define LT_MODULE_PATH_VAR "LD_LIBRARY_PATH"
| #define LT_DLSEARCH_PATH "/lib:/usr/lib:/lib/i486-linux-gnu:/usr/lib/i486-linux-gnu:/usr/lib/alsa-lib:/usr/local/lib"
| #define HAVE_LIBDL 1
| #define HAVE_DLERROR 1
| #define HAVE_LIBDLLOADER 1
| #define HAVE_DLFCN_H 1
| #define HAVE_ARGZ_H 1
| #define HAVE_ERROR_T 1
| #define HAVE_ARGZ_ADD 1
| #define HAVE_ARGZ_APPEND 1
| #define HAVE_ARGZ_COUNT 1
| #define HAVE_ARGZ_CREATE_SEP 1
| #define HAVE_ARGZ_INSERT 1
| #define HAVE_ARGZ_NEXT 1
| #define HAVE_ARGZ_STRINGIFY 1
| #define HAVE_WORKING_ARGZ 1
| #define LT_OBJDIR ".libs/"
| #define HAVE_PRELOADED_SYMBOLS 1
| #define HAVE_LTDL 1
| #define HAVE_UNISTD_H 1
| #define HAVE_DIRENT_H 1
| #define HAVE_CLOSEDIR 1
| #define HAVE_OPENDIR 1
| #define HAVE_READDIR 1
| #define LT_LIBEXT ""
| #define LT_OBJDIR ".libs/"
| #define HAVE_BOOST_SCOPED_PTR_HPP 1
| #define HAVE_BOOST_SHARED_PTR_HPP 1
| #define HAVE_BOOST_ALGORITHM_STRING_HPP 1
| #define HAVE_BOOST_TOKENIZER_HPP 1
| /* end confdefs.h.  */
| 
| #if defined _REENTRANT || defined _MT || defined __MT__
| /* use -mt */
| #else
| # error MT not needed
| #endif
| 
| int
| main ()
| {
| 
|   ;
|   return 0;
| }
configure:20406: checking boost/iostreams/device/file_descriptor.hpp usability
configure:20423: g++ -c -g -O2 -W -Wall  -DSYS_PLUGIN_DIR='"${pkglibdir}/plugins"' -DUSER_PLUGIN_DIR='".dlvhex/plugins"'  conftest.cpp >&5
configure:20430: $? = 0
configure:20444: result: yes
configure:20448: checking boost/iostreams/device/file_descriptor.hpp presence
configure:20463: g++ -E  -DSYS_PLUGIN_DIR='"${pkglibdir}/plugins"' -DUSER_PLUGIN_DIR='".dlvhex/plugins"'  conftest.cpp
configure:20470: $? = 0
configure:20484: result: yes
configure:20517: checking for boost/iostreams/device/file_descriptor.hpp
configure:20524: result: yes
configure:20557: checking for the Boost iostreams library
configure:20611: g++ -c -g -O2 -W -Wall  -DSYS_PLUGIN_DIR='"${pkglibdir}/plugins"' -DUSER_PLUGIN_DIR='".dlvhex/plugins"'  conftest.cpp >&5
configure:20618: $? = 0
configure:20679: re-using the existing conftest.o
configure:20685: g++ -o conftest -g -O2 -W -Wall  -DSYS_PLUGIN_DIR='"${pkglibdir}/plugins"' -DUSER_PLUGIN_DIR='".dlvhex/plugins"'   -L/usr/local/lib conftest.o -lboost_iostreams-gcc43-mt-1_35 -ldl  >&5
configure:20692: $? = 0
configure:20730: result: yes
configure:20772: checking boost/regex.hpp usability
configure:20789: g++ -c -g -O2 -W -Wall  -DSYS_PLUGIN_DIR='"${pkglibdir}/plugins"' -DUSER_PLUGIN_DIR='".dlvhex/plugins"'  conftest.cpp >&5
configure:20796: $? = 0
configure:20810: result: yes
configure:20814: checking boost/regex.hpp presence
configure:20829: g++ -E  -DSYS_PLUGIN_DIR='"${pkglibdir}/plugins"' -DUSER_PLUGIN_DIR='".dlvhex/plugins"'  conftest.cpp
configure:20836: $? = 0
configure:20850: result: yes
configure:20883: checking for boost/regex.hpp
configure:20890: result: yes
configure:20923: checking for the Boost regex library
configure:20977: g++ -c -g -O2 -W -Wall  -DSYS_PLUGIN_DIR='"${pkglibdir}/plugins"' -DUSER_PLUGIN_DIR='".dlvhex/plugins"'  conftest.cpp >&5
configure:20984: $? = 0
configure:21045: re-using the existing conftest.o
configure:21051: g++ -o conftest -g -O2 -W -Wall  -DSYS_PLUGIN_DIR='"${pkglibdir}/plugins"' -DUSER_PLUGIN_DIR='".dlvhex/plugins"'   -L/usr/local/lib conftest.o -lboost_regex-gcc43-mt-1_35 -ldl  >&5
configure:21058: $? = 0
configure:21096: result: yes
configure:21134: checking boost/ptr_container/indirect_fun.hpp usability
configure:21151: g++ -c -g -O2 -W -Wall  -DSYS_PLUGIN_DIR='"${pkglibdir}/plugins"' -DUSER_PLUGIN_DIR='".dlvhex/plugins"'  conftest.cpp >&5
configure:21158: $? = 0
configure:21172: result: yes
configure:21176: checking boost/ptr_container/indirect_fun.hpp presence
configure:21191: g++ -E  -DSYS_PLUGIN_DIR='"${pkglibdir}/plugins"' -DUSER_PLUGIN_DIR='".dlvhex/plugins"'  conftest.cpp
configure:21198: $? = 0
configure:21212: result: yes
configure:21245: checking for boost/ptr_container/indirect_fun.hpp
configure:21252: result: yes
configure:21293: checking boost/graph/adjacency_list.hpp usability
configure:21310: g++ -c -g -O2 -W -Wall  -DSYS_PLUGIN_DIR='"${pkglibdir}/plugins"' -DUSER_PLUGIN_DIR='".dlvhex/plugins"'  conftest.cpp >&5
In file included from /usr/include/c++/4.3/ext/hash_set:64,
                 from /usr/include/boost/graph/adjacency_list.hpp:22,
                 from conftest.cpp:90:
/usr/include/c++/4.3/backward/backward_warning.h:33:2: warning: #warning This file includes at least one deprecated or antiquated header which may be removed without further notice at a future date. Please use a non-deprecated interface with equivalent functionality instead. For a listing of replacement headers and interfaces, consult the file backward_warning.h. To disable this warning use -Wno-deprecated.
configure:21317: $? = 0
configure:21331: result: yes
configure:21335: checking boost/graph/adjacency_list.hpp presence
configure:21350: g++ -E  -DSYS_PLUGIN_DIR='"${pkglibdir}/plugins"' -DUSER_PLUGIN_DIR='".dlvhex/plugins"'  conftest.cpp
In file included from /usr/include/c++/4.3/ext/hash_set:64,
                 from /usr/include/boost/graph/adjacency_list.hpp:22,
                 from conftest.cpp:57:
/usr/include/c++/4.3/backward/backward_warning.h:33:2: warning: #warning This file includes at least one deprecated or antiquated header which may be removed without further notice at a future date. Please use a non-deprecated interface with equivalent functionality instead. For a listing of replacement headers and interfaces, consult the file backward_warning.h. To disable this warning use -Wno-deprecated.
configure:21357: $? = 0
configure:21371: result: yes
configure:21404: checking for boost/graph/adjacency_list.hpp
configure:21411: result: yes
configure:21875: checking for gawk
configure:21902: result: mawk
configure:21965: checking for curl-config
configure:21983: found /usr/local/bin/curl-config
configure:21995: result: /usr/local/bin/curl-config
configure:22006: checking for the version of libcurl
configure:22013: result: 7.19.5
configure:22074: checking whether libcurl is usable
configure:22117: gcc -o conftest -g -O2 -I/usr/local/include  -DSYS_PLUGIN_DIR='"${pkglibdir}/plugins"' -DUSER_PLUGIN_DIR='".dlvhex/plugins"'  conftest.c -L/usr/local/lib -lcurl -lrt -ldl  >&5
configure:22124: $? = 0
configure:22150: result: yes
configure:22163: checking for curl_free
configure:22219: gcc -o conftest -g -O2  -DSYS_PLUGIN_DIR='"${pkglibdir}/plugins"' -DUSER_PLUGIN_DIR='".dlvhex/plugins"' -I/usr/local/include  conftest.c -ldl  -L/usr/local/lib -lcurl -lrt >&5
configure:22226: $? = 0
configure:22246: result: yes
configure:22448: checking for doxygen
configure:22481: result: no
configure:22501: WARNING: doxygen not found - will not generate any doxygen documentation
configure:22554: checking for perl
configure:22572: found /usr/bin/perl
configure:22584: result: /usr/bin/perl
configure:24635: creating ./config.status

## ---------------------- ##
## Running config.status. ##
## ---------------------- ##

This file was extended by dlvhex config.status 1.7.0, which was
generated by GNU Autoconf 2.63.  Invocation command line was

  CONFIG_FILES    = 
  CONFIG_HEADERS  = 
  CONFIG_LINKS    = 
  CONFIG_COMMANDS = 
  $ ./config.status 

on ubuntu

config.status:1188: creating Makefile
config.status:1188: creating dlvhex.pc
config.status:1188: creating examples/Makefile
config.status:1188: creating include/Makefile
config.status:1188: creating include/common.h
config.status:1188: creating include/dlvhex/Makefile
config.status:1188: creating include/testsuite/Makefile
config.status:1188: creating include/testsuite/dlvhex/Makefile
config.status:1188: creating src/Makefile
config.status:1188: creating src/dlvhex/Makefile
config.status:1188: creating src/testsuite/Makefile
config.status:1188: creating src/testsuite/dlvhex/Makefile
config.status:1188: creating src/config.h
config.status:1410: src/config.h is unchanged
config.status:1462: executing depfiles commands
config.status:1462: executing libtool commands
configure:27202: === configuring in libltdl (/home/ozanerdem/Desktop/dlvhex-spirit-refactoring-copy/libltdl)
configure:27305: running /bin/bash ./configure --disable-option-checking '--prefix=/usr/local'  --cache-file=/dev/null --srcdir=.

## ---------------- ##
## Cache variables. ##
## ---------------- ##

ac_cv_build=i686-pc-linux-gnu
ac_cv_c_compiler_gnu=yes
ac_cv_cxx_compiler_gnu=yes
ac_cv_env_BOOST_ROOT_set=
ac_cv_env_BOOST_ROOT_value=
ac_cv_env_CCC_set=
ac_cv_env_CCC_value=
ac_cv_env_CC_set=
ac_cv_env_CC_value=
ac_cv_env_CFLAGS_set=
ac_cv_env_CFLAGS_value=
ac_cv_env_CPPFLAGS_set=
ac_cv_env_CPPFLAGS_value=
ac_cv_env_CPPUNIT_CFLAGS_set=
ac_cv_env_CPPUNIT_CFLAGS_value=
ac_cv_env_CPPUNIT_LIBS_set=
ac_cv_env_CPPUNIT_LIBS_value=
ac_cv_env_CPP_set=
ac_cv_env_CPP_value=
ac_cv_env_CXXCPP_set=
ac_cv_env_CXXCPP_value=
ac_cv_env_CXXFLAGS_set=
ac_cv_env_CXXFLAGS_value=
ac_cv_env_CXX_set=
ac_cv_env_CXX_value=
ac_cv_env_DOXYGEN_PAPER_SIZE_set=
ac_cv_env_DOXYGEN_PAPER_SIZE_value=
ac_cv_env_LDFLAGS_set=
ac_cv_env_LDFLAGS_value=
ac_cv_env_LIBS_set=
ac_cv_env_LIBS_value=
ac_cv_env_PKG_CONFIG_set=
ac_cv_env_PKG_CONFIG_value=
ac_cv_env_build_alias_set=
ac_cv_env_build_alias_value=
ac_cv_env_host_alias_set=
ac_cv_env_host_alias_value=
ac_cv_env_target_alias_set=
ac_cv_env_target_alias_value=
ac_cv_func_argz_add=yes
ac_cv_func_argz_append=yes
ac_cv_func_argz_count=yes
ac_cv_func_argz_create_sep=yes
ac_cv_func_argz_insert=yes
ac_cv_func_argz_next=yes
ac_cv_func_argz_stringify=yes
ac_cv_func_closedir=yes
ac_cv_func_curl_free=yes
ac_cv_func_dlerror=yes
ac_cv_func_dlopen=yes
ac_cv_func_opendir=yes
ac_cv_func_readdir=yes
ac_cv_func_shl_load=no
ac_cv_func_strlcat=no
ac_cv_func_strlcpy=no
ac_cv_have_decl_lt_dlinterface_register=yes
ac_cv_header_argz_h=yes
ac_cv_header_boost_algorithm_string_hpp=yes
ac_cv_header_boost_graph_adjacency_list_hpp=yes
ac_cv_header_boost_iostreams_device_file_descriptor_hpp=yes
ac_cv_header_boost_ptr_container_indirect_fun_hpp=yes
ac_cv_header_boost_regex_hpp=yes
ac_cv_header_boost_scoped_ptr_hpp=yes
ac_cv_header_boost_shared_ptr_hpp=yes
ac_cv_header_boost_tokenizer_hpp=yes
ac_cv_header_dirent_dirent_h=yes
ac_cv_header_dirent_h=yes
ac_cv_header_dl_h=no
ac_cv_header_dld_h=no
ac_cv_header_dlfcn_h=yes
ac_cv_header_inttypes_h=yes
ac_cv_header_ltdl_h=yes
ac_cv_header_mach_o_dyld_h=no
ac_cv_header_memory_h=yes
ac_cv_header_stdc=yes
ac_cv_header_stdint_h=yes
ac_cv_header_stdlib_h=yes
ac_cv_header_string_h=yes
ac_cv_header_strings_h=yes
ac_cv_header_sys_dl_h=no
ac_cv_header_sys_param_h=yes
ac_cv_header_sys_stat_h=yes
ac_cv_header_sys_types_h=yes
ac_cv_header_unistd_h=yes
ac_cv_host=i686-pc-linux-gnu
ac_cv_lib_dld_dld_link=no
ac_cv_lib_dld_shl_load=no
ac_cv_lib_ltdl_lt_dladvise_preload=yes
ac_cv_objext=o
ac_cv_path_EGREP='/bin/grep -E'
ac_cv_path_FGREP='/bin/grep -F'
ac_cv_path_GREP=/bin/grep
ac_cv_path_SED=/bin/sed
ac_cv_path__libcurl_config=/usr/local/bin/curl-config
ac_cv_path_ac_pt_DX_PERL=/usr/bin/perl
ac_cv_path_ac_pt_PKG_CONFIG=/usr/bin/pkg-config
ac_cv_path_install='/usr/bin/install -c'
ac_cv_path_mkdir=/bin/mkdir
ac_cv_prog_AWK=mawk
ac_cv_prog_CPP='gcc -E'
ac_cv_prog_CXXCPP='g++ -E'
ac_cv_prog_DLVDBPATH=notfound
ac_cv_prog_DLVPATH=dlv
ac_cv_prog_ac_ct_AR=ar
ac_cv_prog_ac_ct_CC=gcc
ac_cv_prog_ac_ct_CXX=g++
ac_cv_prog_ac_ct_OBJDUMP=objdump
ac_cv_prog_ac_ct_RANLIB=ranlib
ac_cv_prog_ac_ct_STRIP=strip
ac_cv_prog_cc_c89=
ac_cv_prog_cc_g=yes
ac_cv_prog_cxx_g=yes
ac_cv_prog_make_make_set=no
ac_cv_search_dlopen=-ldl
ac_cv_search_opendir='none required'
ac_cv_type_error_t=yes
am_cv_CC_dependencies_compiler_type=gcc3
am_cv_CXX_dependencies_compiler_type=gcc3
boost_cv_inc_path=yes
boost_cv_lib_iostreams=yes
boost_cv_lib_iostreams_LDFLAGS='-L/usr/local/lib -R/usr/local/lib'
boost_cv_lib_iostreams_LIBS=-lboost_iostreams-gcc43-mt-1_35
boost_cv_lib_regex=yes
boost_cv_lib_regex_LDFLAGS='-L/usr/local/lib -R/usr/local/lib'
boost_cv_lib_regex_LIBS=-lboost_regex-gcc43-mt-1_35
boost_cv_lib_tag='gcc43 -xgcc43 -gcc'
boost_cv_lib_version=1_35
libcurl_cv_lib_curl_usable=yes
libcurl_cv_lib_curl_version=7.19.5
libltdl_cv_lib_dl_dlopen=yes
libltdl_cv_preloaded_symbols=yes
libltdl_cv_shlibext=.so
lt_cv_deplibs_check_method=pass_all
lt_cv_dlopen=dlopen
lt_cv_dlopen_libs=
lt_cv_dlopen_self=yes
lt_cv_dlopen_self_static=no
lt_cv_file_magic_cmd='$MAGIC_CMD'
lt_cv_file_magic_test_file=
lt_cv_ld_reload_flag=-r
lt_cv_module_path_var=LD_LIBRARY_PATH
lt_cv_nm_interface='BSD nm'
lt_cv_objdir=.libs
lt_cv_path_LD=/usr/bin/ld
lt_cv_path_LDCXX=/usr/bin/ld
lt_cv_path_NM='/usr/bin/nm -B'
lt_cv_prog_compiler_c_o=yes
lt_cv_prog_compiler_c_o_CXX=yes
lt_cv_prog_compiler_pic_works=yes
lt_cv_prog_compiler_pic_works_CXX=yes
lt_cv_prog_compiler_rtti_exceptions=no
lt_cv_prog_compiler_static_works=yes
lt_cv_prog_compiler_static_works_CXX=yes
lt_cv_prog_gnu_ld=yes
lt_cv_prog_gnu_ldcxx=yes
lt_cv_sys_argz_works=yes
lt_cv_sys_dlopen_deplibs=yes
lt_cv_sys_dlsearch_path='/lib /usr/lib /lib/i486-linux-gnu /usr/lib/i486-linux-gnu /usr/lib/alsa-lib /usr/local/lib '
lt_cv_sys_global_symbol_pipe='sed -n -e '\''s/^.*[	 ]\([ABCDGIRSTW][ABCDGIRSTW]*\)[	 ][	 ]*\([_A-Za-z][_A-Za-z0-9]*\)$/\1 \2 \2/p'\'''
lt_cv_sys_global_symbol_to_c_name_address='sed -n -e '\''s/^: \([^ ]*\) $/  {\"\1\", (void *) 0},/p'\'' -e '\''s/^[ABCDGIRSTW]* \([^ ]*\) \([^ ]*\)$/  {"\2", (void *) \&\2},/p'\'''
lt_cv_sys_global_symbol_to_c_name_address_lib_prefix='sed -n -e '\''s/^: \([^ ]*\) $/  {\"\1\", (void *) 0},/p'\'' -e '\''s/^[ABCDGIRSTW]* \([^ ]*\) \(lib[^ ]*\)$/  {"\2", (void *) \&\2},/p'\'' -e '\''s/^[ABCDGIRSTW]* \([^ ]*\) \([^ ]*\)$/  {"lib\2", (void *) \&\2},/p'\'''
lt_cv_sys_global_symbol_to_cdecl='sed -n -e '\''s/^T .* \(.*\)$/extern int \1();/p'\'' -e '\''s/^[ABCDGIRSTW]* .* \(.*\)$/extern char \1;/p'\'''
lt_cv_sys_max_cmd_len=1572864
lt_cv_sys_symbol_underscore=no

## ----------------- ##
## Output variables. ##
## ----------------- ##

ACLOCAL='${SHELL} /home/ozanerdem/Desktop/dlvhex-spirit-refactoring-copy/missing --run aclocal-1.10'
AMDEPBACKSLASH='\'
AMDEP_FALSE='#'
AMDEP_TRUE=''
AMTAR='${SHELL} /home/ozanerdem/Desktop/dlvhex-spirit-refactoring-copy/missing --run tar'
AR='ar'
ARGZ_H=''
AUTOCONF='${SHELL} /home/ozanerdem/Desktop/dlvhex-spirit-refactoring-copy/missing --run autoconf'
AUTOHEADER='${SHELL} /home/ozanerdem/Desktop/dlvhex-spirit-refactoring-copy/missing --run autoheader'
AUTOMAKE='${SHELL} /home/ozanerdem/Desktop/dlvhex-spirit-refactoring-copy/missing --run automake-1.10'
AWK='mawk'
BOOST_CPPFLAGS=''
BOOST_DATE_TIME_LDFLAGS=''
BOOST_DATE_TIME_LIBS=''
BOOST_IOSTREAMS_LDFLAGS='-L/usr/local/lib -R/usr/local/lib'
BOOST_IOSTREAMS_LIBS='-lboost_iostreams-gcc43-mt-1_35'
BOOST_REGEX_LDFLAGS='-L/usr/local/lib -R/usr/local/lib'
BOOST_REGEX_LIBS='-lboost_regex-gcc43-mt-1_35'
BOOST_ROOT=''
CC='gcc'
CCDEPMODE='depmode=gcc3'
CFLAGS='-g -O2'
CONVENIENCE_LTDL_FALSE='#'
CONVENIENCE_LTDL_TRUE=''
CPP='gcc -E'
CPPFLAGS=' -DSYS_PLUGIN_DIR='\''"${pkglibdir}/plugins"'\'' -DUSER_PLUGIN_DIR='\''".dlvhex/plugins"'\'''
CPPUNIT_CFLAGS=''
CPPUNIT_LIBS=''
CXX='g++'
CXXCPP='g++ -E'
CXXDEPMODE='depmode=gcc3'
CXXFLAGS='-g -O2 -W -Wall'
CYGPATH_W='echo'
DEFS='-DHAVE_CONFIG_H'
DEPDIR='.deps'
DISTCHECK_CONFIGURE_FLAGS=' '\''--with-boost='\'''
DLVDBPATH='notfound'
DLVPATH='dlv'
DOXYGEN_PAPER_SIZE=''
DSYMUTIL=''
DUMPBIN=''
DX_COND_chi_FALSE=''
DX_COND_chi_TRUE='#'
DX_COND_chm_FALSE=''
DX_COND_chm_TRUE='#'
DX_COND_doc_FALSE=''
DX_COND_doc_TRUE='#'
DX_COND_dot_FALSE=''
DX_COND_dot_TRUE='#'
DX_COND_html_FALSE=''
DX_COND_html_TRUE='#'
DX_COND_latex_FALSE=''
DX_COND_latex_TRUE='#'
DX_COND_man_FALSE=''
DX_COND_man_TRUE='#'
DX_COND_pdf_FALSE=''
DX_COND_pdf_TRUE='#'
DX_COND_ps_FALSE=''
DX_COND_ps_TRUE='#'
DX_COND_rtf_FALSE=''
DX_COND_rtf_TRUE='#'
DX_COND_xml_FALSE=''
DX_COND_xml_TRUE='#'
DX_CONFIG='doxygen.cfg'
DX_DOCDIR='doc'
DX_DOT=''
DX_DOXYGEN=''
DX_DVIPS=''
DX_EGREP=''
DX_ENV=' SRCDIR='\''.'\'' PROJECT='\''dlvhex'\'' DOCDIR='\''doc'\'' VERSION='\''1.7.0'\'' HAVE_DOT='\''NO'\'' GENERATE_MAN='\''NO'\'' GENERATE_RTF='\''NO'\'' GENERATE_XML='\''NO'\'' GENERATE_HTMLHELP='\''NO'\'' GENERATE_CHI='\''NO'\'' GENERATE_HTML='\''NO'\'' GENERATE_LATEX='\''NO'\'''
DX_FLAG_chi='0'
DX_FLAG_chm='0'
DX_FLAG_doc='0'
DX_FLAG_dot='0'
DX_FLAG_html='0'
DX_FLAG_man='0'
DX_FLAG_pdf='0'
DX_FLAG_ps='0'
DX_FLAG_rtf='0'
DX_FLAG_xml='0'
DX_HHC=''
DX_LATEX=''
DX_MAKEINDEX=''
DX_PDFLATEX=''
DX_PERL='/usr/bin/perl'
DX_PROJECT='dlvhex'
ECHO_C=''
ECHO_N='-n'
ECHO_T=''
EGREP='/bin/grep -E'
EXEEXT=''
FGREP='/bin/grep -F'
GREP='/bin/grep'
HAVE_CPPUNIT_FALSE=''
HAVE_CPPUNIT_TRUE='#'
HAVE_WIN32=''
INCLTDL='-I${top_srcdir}/libltdl'
INSTALL_DATA='${INSTALL} -m 644'
INSTALL_LTDL_FALSE=''
INSTALL_LTDL_TRUE='#'
INSTALL_PROGRAM='${INSTALL}'
INSTALL_SCRIPT='${INSTALL}'
INSTALL_STRIP_PROGRAM='$(install_sh) -c -s'
LD='/usr/bin/ld'
LDFLAGS=''
LIBADD_DL='-ldl '
LIBADD_DLD_LINK=''
LIBADD_DLOPEN='-ldl'
LIBADD_SHL_LOAD=''
LIBCURL='-L/usr/local/lib -lcurl -lrt'
LIBCURL_CPPFLAGS='-I/usr/local/include'
LIBLTDL='${top_build_prefix}libltdl/libltdlc.la'
LIBOBJS=''
LIBS='-ldl '
LIBTOOL='$(SHELL) $(top_builddir)/libtool'
LIPO=''
LN_S='ln -s'
LTDLDEPS='${top_build_prefix}libltdl/libltdlc.la'
LTDLINCL='-I${top_srcdir}/libltdl'
LTDLOPEN='libltdl'
LTLIBOBJS=''
LT_CONFIG_H='src/config.h'
LT_DLLOADERS=' libltdl/dlopen.la'
LT_DLPREOPEN='-dlpreopen libltdl/dlopen.la '
MAKEINFO='${SHELL} /home/ozanerdem/Desktop/dlvhex-spirit-refactoring-copy/missing --run makeinfo'
MKDIR_P='/bin/mkdir -p'
NM='/usr/bin/nm -B'
NMEDIT=''
OBJDUMP='objdump'
OBJEXT='o'
OTOOL64=''
OTOOL=''
PACKAGE='dlvhex'
PACKAGE_BUGREPORT='tkren@kr.tuwien.ac.at'
PACKAGE_NAME='dlvhex'
PACKAGE_STRING='dlvhex 1.7.0'
PACKAGE_TARNAME='dlvhex'
PACKAGE_VERSION='1.7.0'
PATH_SEPARATOR=':'
PKG_CONFIG='/usr/bin/pkg-config'
RANLIB='ranlib'
SED='/bin/sed'
SET_MAKE='MAKE=make'
SHELL='/bin/bash'
STRIP='strip'
VERSION='1.7.0'
_libcurl_config=''
ac_ct_CC='gcc'
ac_ct_CXX='g++'
ac_ct_DUMPBIN=''
am__fastdepCC_FALSE='#'
am__fastdepCC_TRUE=''
am__fastdepCXX_FALSE='#'
am__fastdepCXX_TRUE=''
am__include='include'
am__isrc=''
am__leading_dot='.'
am__quote=''
am__tar='${AMTAR} chof - "$$tardir"'
am__untar='${AMTAR} xf -'
bindir='${exec_prefix}/bin'
build='i686-pc-linux-gnu'
build_alias=''
build_cpu='i686'
build_os='linux-gnu'
build_vendor='pc'
datadir='${datarootdir}'
datarootdir='${prefix}/share'
docdir='${datarootdir}/doc/${PACKAGE_TARNAME}'
dvidir='${docdir}'
exec_prefix='${prefix}'
host='i686-pc-linux-gnu'
host_alias=''
host_cpu='i686'
host_os='linux-gnu'
host_vendor='pc'
htmldir='${docdir}'
includedir='${prefix}/include'
infodir='${datarootdir}/info'
install_sh='$(SHELL) /home/ozanerdem/Desktop/dlvhex-spirit-refactoring-copy/install-sh'
libdir='${exec_prefix}/lib'
libexecdir='${exec_prefix}/libexec'
localedir='${datarootdir}/locale'
localstatedir='${prefix}/var'
lt_ECHO='echo'
ltdl_LIBOBJS=' lt__strl.o'
ltdl_LTLIBOBJS=' lt__strl.lo'
mandir='${datarootdir}/man'
mkdir_p='/bin/mkdir -p'
oldincludedir='/usr/include'
pdfdir='${docdir}'
prefix='/usr/local'
program_transform_name='s,x,x,'
psdir='${docdir}'
sbindir='${exec_prefix}/sbin'
sharedstatedir='${prefix}/com'
subdirs=' libltdl'
sys_symbol_underscore='no'
sysconfdir='${prefix}/etc'
sysplugindir='${pkglibdir}/plugins'
target_alias=''
userplugindir='.dlvhex/plugins'

## ----------- ##
## confdefs.h. ##
## ----------- ##

#define PACKAGE_NAME "dlvhex"
#define PACKAGE_TARNAME "dlvhex"
#define PACKAGE_VERSION "1.7.0"
#define PACKAGE_STRING "dlvhex 1.7.0"
#define PACKAGE_BUGREPORT "tkren@kr.tuwien.ac.at"
#define DLVPATH "dlv"
#define PACKAGE "dlvhex"
#define VERSION "1.7.0"
#define HAVE_DIRENT_H 1
#define STDC_HEADERS 1
#define HAVE_SYS_TYPES_H 1
#define HAVE_SYS_STAT_H 1
#define HAVE_STDLIB_H 1
#define HAVE_STRING_H 1
#define HAVE_MEMORY_H 1
#define HAVE_STRINGS_H 1
#define HAVE_INTTYPES_H 1
#define HAVE_STDINT_H 1
#define HAVE_UNISTD_H 1
#define HAVE_SYS_PARAM_H 1
#define LT_MODULE_EXT ".so"
#define LT_MODULE_PATH_VAR "LD_LIBRARY_PATH"
#define LT_DLSEARCH_PATH "/lib:/usr/lib:/lib/i486-linux-gnu:/usr/lib/i486-linux-gnu:/usr/lib/alsa-lib:/usr/local/lib"
#define HAVE_LIBDL 1
#define HAVE_DLERROR 1
#define HAVE_LIBDLLOADER 1
#define HAVE_DLFCN_H 1
#define HAVE_ARGZ_H 1
#define HAVE_ERROR_T 1
#define HAVE_ARGZ_ADD 1
#define HAVE_ARGZ_APPEND 1
#define HAVE_ARGZ_COUNT 1
#define HAVE_ARGZ_CREATE_SEP 1
#define HAVE_ARGZ_INSERT 1
#define HAVE_ARGZ_NEXT 1
#define HAVE_ARGZ_STRINGIFY 1
#define HAVE_WORKING_ARGZ 1
#define LT_OBJDIR ".libs/"
#define HAVE_PRELOADED_SYMBOLS 1
#define HAVE_LTDL 1
#define HAVE_UNISTD_H 1
#define HAVE_DIRENT_H 1
#define HAVE_CLOSEDIR 1
#define HAVE_OPENDIR 1
#define HAVE_READDIR 1
#define LT_LIBEXT ""
#define LT_OBJDIR ".libs/"
#define HAVE_BOOST_SCOPED_PTR_HPP 1
#define HAVE_BOOST_SHARED_PTR_HPP 1
#define HAVE_BOOST_ALGORITHM_STRING_HPP 1
#define HAVE_BOOST_TOKENIZER_HPP 1
#define HAVE_BOOST_IOSTREAMS_DEVICE_FILE_DESCRIPTOR_HPP 1
#define HAVE_BOOST_REGEX_HPP 1
#define HAVE_BOOST_PTR_CONTAINER_INDIRECT_FUN_HPP 1
#define HAVE_BOOST_GRAPH_ADJACENCY_LIST_HPP 1
#define HAVE_LIBCURL 1
#define LIBCURL_FEATURE_IPV6 1
#define LIBCURL_PROTOCOL_HTTP 1
#define LIBCURL_PROTOCOL_FTP 1
#define LIBCURL_PROTOCOL_FILE 1
#define LIBCURL_PROTOCOL_TELNET 1
#define LIBCURL_PROTOCOL_DICT 1
#define LIBCURL_PROTOCOL_TFTP 1

configure: exit 0
